\BOOKMARK [0][-]{chapter.1}{Introduction}{}% 1
\BOOKMARK [0][-]{chapter.2}{Neural Language Models}{}% 2
\BOOKMARK [0][-]{chapter.3}{Distributed Representations of Words}{}% 3
\BOOKMARK [1][-]{section.3.1}{Learning Distributed Word Representations from Text}{chapter.3}% 4
\BOOKMARK [1][-]{section.3.2}{Modelling Word Acquisition with Multi-Modal Data and Neural Language Models}{chapter.3}% 5
\BOOKMARK [2][-]{subsection.3.2.1}{Introduction}{section.3.2}% 6
\BOOKMARK [2][-]{subsection.3.2.2}{Model Design}{section.3.2}% 7
\BOOKMARK [2][-]{subsection.3.2.3}{Information Sources}{section.3.2}% 8
\BOOKMARK [2][-]{subsection.3.2.4}{Evaluation}{section.3.2}% 9
\BOOKMARK [2][-]{subsection.3.2.5}{Results and Discussion}{section.3.2}% 10
\BOOKMARK [2][-]{subsection.3.2.6}{Combining information sources}{section.3.2}% 11
\BOOKMARK [2][-]{subsection.3.2.7}{Propagating input to abstract concepts}{section.3.2}% 12
\BOOKMARK [2][-]{subsection.3.2.8}{Direct representation vs. propagation}{section.3.2}% 13
\BOOKMARK [2][-]{subsection.3.2.9}{Source and quantity of perceptual input}{section.3.2}% 14
\BOOKMARK [2][-]{subsection.3.2.10}{Conclusions}{section.3.2}% 15
\BOOKMARK [1][-]{section.3.3}{Improving the Evaluation of Word Representations}{chapter.3}% 16
\BOOKMARK [1][-]{section.3.4}{Sequence-to-Sequence Learning of Word Representations From Bilingual Data}{chapter.3}% 17
\BOOKMARK [1][-]{section.3.5}{Introduction}{chapter.3}% 18
\BOOKMARK [1][-]{section.3.6}{Learning Embeddings with Neural Language Models}{chapter.3}% 19
\BOOKMARK [2][-]{subsection.3.6.1}{Monolingual Models}{section.3.6}% 20
\BOOKMARK [2][-]{subsection.3.6.2}{Bilingual Representation-learning Models}{section.3.6}% 21
\BOOKMARK [2][-]{subsection.3.6.3}{Neural Machine Translation Models}{section.3.6}% 22
\BOOKMARK [1][-]{section.3.7}{Experiments}{chapter.3}% 23
\BOOKMARK [2][-]{subsection.3.7.1}{Similarity and relatedness modelling}{section.3.7}% 24
\BOOKMARK [2][-]{subsection.3.7.2}{Importance of training data quantity}{section.3.7}% 25
\BOOKMARK [2][-]{subsection.3.7.3}{Analogy Resolution}{section.3.7}% 26
\BOOKMARK [1][-]{section.3.8}{Effect of Target Language}{chapter.3}% 27
\BOOKMARK [1][-]{section.3.9}{Overcoming the Vocabulary Size Problem}{chapter.3}% 28
\BOOKMARK [1][-]{section.3.10}{How Similarity Emerges}{chapter.3}% 29
\BOOKMARK [1][-]{section.3.11}{Conclusion}{chapter.3}% 30
\BOOKMARK [0][-]{chapter.4}{Learning to Represent Phrases}{}% 31
\BOOKMARK [1][-]{section.4.1}{Introduction}{chapter.4}% 32
\BOOKMARK [1][-]{section.4.2}{Neural Language Model Architectures}{chapter.4}% 33
\BOOKMARK [2][-]{subsection.4.2.1}{Long Short Term Memory}{section.4.2}% 34
\BOOKMARK [2][-]{subsection.4.2.2}{Bag-of-Words NLMs}{section.4.2}% 35
\BOOKMARK [2][-]{subsection.4.2.3}{Pre-trained Input Representations}{section.4.2}% 36
\BOOKMARK [2][-]{subsection.4.2.4}{Training Objective}{section.4.2}% 37
\BOOKMARK [2][-]{subsection.4.2.5}{Implementation Details}{section.4.2}% 38
\BOOKMARK [1][-]{section.4.3}{Reverse Dictionaries}{chapter.4}% 39
\BOOKMARK [2][-]{subsection.4.3.1}{Data Collection and Training}{section.4.3}% 40
\BOOKMARK [2][-]{subsection.4.3.2}{Comparisons}{section.4.3}% 41
\BOOKMARK [2][-]{subsection.4.3.3}{Reverse Dictionary Evaluation}{section.4.3}% 42
\BOOKMARK [2][-]{subsection.4.3.4}{Results}{section.4.3}% 43
\BOOKMARK [2][-]{subsection.4.3.5}{Qualitative Analysis}{section.4.3}% 44
\BOOKMARK [2][-]{subsection.4.3.6}{Cross-Lingual Reverse Dictionaries}{section.4.3}% 45
\BOOKMARK [2][-]{subsection.4.3.7}{Discussion}{section.4.3}% 46
\BOOKMARK [1][-]{section.4.4}{General Knowledge \(crossword\) Question Answering}{chapter.4}% 47
\BOOKMARK [2][-]{subsection.4.4.1}{Evaluation}{section.4.4}% 48
\BOOKMARK [2][-]{subsection.4.4.2}{Benchmarks and Comparisons}{section.4.4}% 49
\BOOKMARK [2][-]{subsection.4.4.3}{Results}{section.4.4}% 50
\BOOKMARK [2][-]{subsection.4.4.4}{Qualitative Analysis}{section.4.4}% 51
\BOOKMARK [1][-]{section.4.5}{Conclusion}{chapter.4}% 52
\BOOKMARK [0][-]{chapter.5}{Learning to Represent Sentences}{}% 53
\BOOKMARK [1][-]{subsection.5.0.1}{Introduction}{chapter.5}% 54
\BOOKMARK [2][-]{subsection.5.0.2}{Distributed Sentence Representations}{subsection.5.0.1}% 55
\BOOKMARK [2][-]{subsection.5.0.3}{Existing Models Trained on Text}{subsection.5.0.1}% 56
\BOOKMARK [2][-]{subsection.5.0.4}{Models Trained on Structured Resources}{subsection.5.0.1}% 57
\BOOKMARK [2][-]{subsection.5.0.5}{Novel Text-Based Models}{subsection.5.0.1}% 58
\BOOKMARK [2][-]{subsection.5.0.6}{Training and Model Selection}{subsection.5.0.1}% 59
\BOOKMARK [2][-]{subsection.5.0.7}{Evaluating Sentence Representations}{subsection.5.0.1}% 60
\BOOKMARK [2][-]{subsection.5.0.8}{Supervised Evaluations}{subsection.5.0.1}% 61
\BOOKMARK [2][-]{subsection.5.0.9}{Unsupervised Evaluations}{subsection.5.0.1}% 62
\BOOKMARK [2][-]{subsection.5.0.10}{Results}{subsection.5.0.1}% 63
\BOOKMARK [2][-]{subsection.5.0.11}{Discussion}{subsection.5.0.1}% 64
\BOOKMARK [2][-]{subsection.5.0.12}{Conclusion}{subsection.5.0.1}% 65
\BOOKMARK [0][-]{chapter.6}{Representation Learning}{}% 66
\BOOKMARK [0][-]{chapter.7}{Conclusion}{}% 67
\BOOKMARK [0][-]{section*.42}{Bibliography}{}% 68
\BOOKMARK [0][-]{appendix.A}{Extra Information}{}% 69
