This is pdfTeX, Version 3.1415926-2.4-1.40.13 (TeX Live 2012/Debian) (format=pdflatex 2013.6.25)  25 JAN 2016 13:12
entering extended mode
 restricted \write18 enabled.
 %&-line parsing enabled.
**EMNLP_final.tex
(./EMNLP_final.tex
LaTeX2e <2011/06/27>
Babel <v3.8m> and hyphenation patterns for english, dumylang, nohyphenation, et
hiopic, farsi, arabic, pinyin, croatian, bulgarian, ukrainian, russian, slovak,
 czech, danish, dutch, usenglishmax, ukenglish, finnish, french, basque, ngerma
n, german, swissgerman, ngerman-x-2012-05-30, german-x-2012-05-30, monogreek, g
reek, ibycus, ancientgreek, hungarian, bengali, tamil, hindi, telugu, gujarati,
 sanskrit, malayalam, kannada, assamese, marathi, oriya, panjabi, italian, lati
n, latvian, lithuanian, mongolian, mongolianlmc, nynorsk, bokmal, indonesian, e
speranto, coptic, welsh, irish, interlingua, serbian, serbianc, slovenian, friu
lan, romansh, estonian, romanian, armenian, uppersorbian, turkish, afrikaans, i
celandic, kurmanji, polish, portuguese, galician, catalan, spanish, swedish, lo
aded.
(/usr/share/texlive/texmf-dist/tex/latex/base/article.cls
Document Class: article 2007/10/19 v1.4h Standard LaTeX document class
(/usr/share/texlive/texmf-dist/tex/latex/base/size11.clo
File: size11.clo 2007/10/19 v1.4h Standard LaTeX file (size option)
)
\c@part=\count79
\c@section=\count80
\c@subsection=\count81
\c@subsubsection=\count82
\c@paragraph=\count83
\c@subparagraph=\count84
\c@figure=\count85
\c@table=\count86
\abovecaptionskip=\skip41
\belowcaptionskip=\skip42
\bibindent=\dimen102
) (./acl2014.sty
Conference Style for ACL 2014 -- released October 2, 2013
\titlebox=\skip43
) (/usr/share/texlive/texmf-dist/tex/latex/psnfss/times.sty
Package: times 2005/04/12 PSNFSS-v9.2a (SPQR) 
)
(/usr/share/texlive/texmf-dist/tex/latex/url/url.sty
\Urlmuskip=\muskip10
Package: url 2006/04/12  ver 3.3  Verb mode for urls, etc.
)
(/usr/share/texlive/texmf-dist/tex/latex/base/latexsym.sty
Package: latexsym 1998/08/17 v2.2e Standard LaTeX package (lasy symbols)
\symlasy=\mathgroup4
LaTeX Font Info:    Overwriting symbol font `lasy' in version `bold'
(Font)                  U/lasy/m/n --> U/lasy/b/n on input line 47.
)
(/usr/share/texlive/texmf-dist/tex/latex/graphics/graphicx.sty
Package: graphicx 1999/02/16 v1.0f Enhanced LaTeX Graphics (DPC,SPQR)

(/usr/share/texlive/texmf-dist/tex/latex/graphics/keyval.sty
Package: keyval 1999/03/16 v1.13 key=value parser (DPC)
\KV@toks@=\toks14
)
(/usr/share/texlive/texmf-dist/tex/latex/graphics/graphics.sty
Package: graphics 2009/02/05 v1.0o Standard LaTeX Graphics (DPC,SPQR)

(/usr/share/texlive/texmf-dist/tex/latex/graphics/trig.sty
Package: trig 1999/03/16 v1.09 sin cos tan (DPC)
)
(/usr/share/texlive/texmf-dist/tex/latex/latexconfig/graphics.cfg
File: graphics.cfg 2010/04/23 v1.9 graphics configuration of TeX Live
)
Package graphics Info: Driver file: pdftex.def on input line 91.

(/usr/share/texlive/texmf-dist/tex/latex/pdftex-def/pdftex.def
File: pdftex.def 2011/05/27 v0.06d Graphics/color for pdfTeX

(/usr/share/texlive/texmf-dist/tex/generic/oberdiek/infwarerr.sty
Package: infwarerr 2010/04/08 v1.3 Providing info/warning/error messages (HO)
)
(/usr/share/texlive/texmf-dist/tex/generic/oberdiek/ltxcmds.sty
Package: ltxcmds 2011/11/09 v1.22 LaTeX kernel commands for general use (HO)
)
\Gread@gobject=\count87
))
\Gin@req@height=\dimen103
\Gin@req@width=\dimen104
)
(/usr/share/texlive/texmf-dist/tex/latex/amsfonts/amssymb.sty
Package: amssymb 2009/06/22 v3.00

(/usr/share/texlive/texmf-dist/tex/latex/amsfonts/amsfonts.sty
Package: amsfonts 2009/06/22 v3.00 Basic AMSFonts support
\@emptytoks=\toks15
\symAMSa=\mathgroup5
\symAMSb=\mathgroup6
LaTeX Font Info:    Overwriting math alphabet `\mathfrak' in version `bold'
(Font)                  U/euf/m/n --> U/euf/b/n on input line 96.
))
(./EMNLP_final.aux

LaTeX Warning: Label `font-table' multiply defined.


LaTeX Warning: Label `font-table' multiply defined.

)
\openout1 = `EMNLP_final.aux'.

LaTeX Font Info:    Checking defaults for OML/cmm/m/it on input line 58.
LaTeX Font Info:    ... okay on input line 58.
LaTeX Font Info:    Checking defaults for T1/cmr/m/n on input line 58.
LaTeX Font Info:    ... okay on input line 58.
LaTeX Font Info:    Checking defaults for OT1/cmr/m/n on input line 58.
LaTeX Font Info:    ... okay on input line 58.
LaTeX Font Info:    Checking defaults for OMS/cmsy/m/n on input line 58.
LaTeX Font Info:    ... okay on input line 58.
LaTeX Font Info:    Checking defaults for OMX/cmex/m/n on input line 58.
LaTeX Font Info:    ... okay on input line 58.
LaTeX Font Info:    Checking defaults for U/cmr/m/n on input line 58.
LaTeX Font Info:    ... okay on input line 58.
LaTeX Font Info:    Try loading font information for OT1+ptm on input line 58.
 (/usr/share/texlive/texmf-dist/tex/latex/psnfss/ot1ptm.fd
File: ot1ptm.fd 2001/06/04 font definitions for OT1/ptm.
)
(/usr/share/texlive/texmf-dist/tex/context/base/supp-pdf.mkii
[Loading MPS to PDF converter (version 2006.09.02).]
\scratchcounter=\count88
\scratchdimen=\dimen105
\scratchbox=\box26
\nofMPsegments=\count89
\nofMParguments=\count90
\everyMPshowfont=\toks16
\MPscratchCnt=\count91
\MPscratchDim=\dimen106
\MPnumerator=\count92
\makeMPintoPDFobject=\count93
\everyMPtoPDFconversion=\toks17
) (/usr/share/texlive/texmf-dist/tex/generic/oberdiek/pdftexcmds.sty
Package: pdftexcmds 2011/11/29 v0.20 Utility functions of pdfTeX for LuaTeX (HO
)

(/usr/share/texlive/texmf-dist/tex/generic/oberdiek/ifluatex.sty
Package: ifluatex 2010/03/01 v1.3 Provides the ifluatex switch (HO)
Package ifluatex Info: LuaTeX not detected.
)
(/usr/share/texlive/texmf-dist/tex/generic/oberdiek/ifpdf.sty
Package: ifpdf 2011/01/30 v2.3 Provides the ifpdf switch (HO)
Package ifpdf Info: pdfTeX in PDF mode is detected.
)
Package pdftexcmds Info: LuaTeX not detected.
Package pdftexcmds Info: \pdf@primitive is available.
Package pdftexcmds Info: \pdf@ifprimitive is available.
Package pdftexcmds Info: \pdfdraftmode found.
)
(/usr/share/texlive/texmf-dist/tex/latex/oberdiek/epstopdf-base.sty
Package: epstopdf-base 2010/02/09 v2.5 Base part for package epstopdf

(/usr/share/texlive/texmf-dist/tex/latex/oberdiek/grfext.sty
Package: grfext 2010/08/19 v1.1 Manage graphics extensions (HO)

(/usr/share/texlive/texmf-dist/tex/generic/oberdiek/kvdefinekeys.sty
Package: kvdefinekeys 2011/04/07 v1.3 Define keys (HO)
))
(/usr/share/texlive/texmf-dist/tex/latex/oberdiek/kvoptions.sty
Package: kvoptions 2011/06/30 v3.11 Key value format for package options (HO)

(/usr/share/texlive/texmf-dist/tex/generic/oberdiek/kvsetkeys.sty
Package: kvsetkeys 2012/04/25 v1.16 Key value parser (HO)

(/usr/share/texlive/texmf-dist/tex/generic/oberdiek/etexcmds.sty
Package: etexcmds 2011/02/16 v1.5 Avoid name clashes with e-TeX commands (HO)
Package etexcmds Info: Could not find \expanded.
(etexcmds)             That can mean that you are not using pdfTeX 1.50 or
(etexcmds)             that some package has redefined \expanded.
(etexcmds)             In the latter case, load this package earlier.
)))
Package grfext Info: Graphics extension search list:
(grfext)             [.png,.pdf,.jpg,.mps,.jpeg,.jbig2,.jb2,.PNG,.PDF,.JPG,.JPE
G,.JBIG2,.JB2,.eps]
(grfext)             \AppendGraphicsExtensions on input line 452.

(/usr/share/texlive/texmf-dist/tex/latex/latexconfig/epstopdf-sys.cfg
File: epstopdf-sys.cfg 2010/07/13 v1.3 Configuration of (r)epstopdf for TeX Liv
e
))
LaTeX Font Info:    Font shape `OT1/ptm/bx/n' in size <14.4> not available
(Font)              Font shape `OT1/ptm/b/n' tried instead on input line 60.
LaTeX Font Info:    Try loading font information for U+lasy on input line 60.

(/usr/share/texlive/texmf-dist/tex/latex/base/ulasy.fd
File: ulasy.fd 1998/08/17 v2.2e LaTeX symbol font definitions
)
LaTeX Font Info:    Try loading font information for U+msa on input line 60.

(/usr/share/texlive/texmf-dist/tex/latex/amsfonts/umsa.fd
File: umsa.fd 2009/06/22 v3.00 AMS symbols A
)
LaTeX Font Info:    Try loading font information for U+msb on input line 60.

(/usr/share/texlive/texmf-dist/tex/latex/amsfonts/umsb.fd
File: umsb.fd 2009/06/22 v3.00 AMS symbols B
)
LaTeX Font Info:    Font shape `OT1/ptm/bx/n' in size <12> not available
(Font)              Font shape `OT1/ptm/b/n' tried instead on input line 60.
LaTeX Font Info:    Try loading font information for OT1+pcr on input line 60.

(/usr/share/texlive/texmf-dist/tex/latex/psnfss/ot1pcr.fd
File: ot1pcr.fd 2001/06/04 font definitions for OT1/pcr.
)
LaTeX Font Info:    Font shape `OT1/ptm/bx/n' in size <10.95> not available
(Font)              Font shape `OT1/ptm/b/n' tried instead on input line 77.


LaTeX Warning: Citation `andrews2009integrating' on page 1 undefined on input l
ine 77.


LaTeX Warning: Citation `barsalou2005situating' on page 1 undefined on input li
ne 77.


LaTeX Warning: Citation `feng2010visual' on page 1 undefined on input line 77.


LaTeX Warning: Citation `bruni2012distributional' on page 1 undefined on input 
line 77.


LaTeX Warning: Citation `silberer2012grounded' on page 1 undefined on input lin
e 77.


LaTeX Warning: Citation `rollermultimodal' on page 1 undefined on input line 77
.


LaTeX Warning: Citation `bruni2014multimodal' on page 1 undefined on input line
 79.


LaTeX Warning: Citation `silberer2012grounded' on page 1 undefined on input lin
e 79.


LaTeX Warning: Citation `rollermultimodal' on page 1 undefined on input line 79
.


LaTeX Warning: Citation `silberer2014learning' on page 1 undefined on input lin
e 79.


LaTeX Warning: Citation `paivio1991dual' on page 1 undefined on input line 79.


LaTeX Warning: Citation `hill2013quantitative' on page 1 undefined on input lin
e 79.


LaTeX Warning: Citation `leech1994claws4' on page 1 undefined on input line 81.


LaTeX Font Info:    Font shape `OT1/ptm/bx/n' in size <9> not available
(Font)              Font shape `OT1/ptm/b/n' tried instead on input line 81.

LaTeX Warning: Citation `nelson2004university' on page 1 undefined on input lin
e 81.


LaTeX Warning: Citation `crutch2005abstract' on page 1 undefined on input line 
81.


LaTeX Warning: Citation `collobert2008unified' on page 1 undefined on input lin
e 81.


LaTeX Warning: Citation `mesnil2012unsupervised' on page 1 undefined on input l
ine 81.


LaTeX Warning: Citation `mikolov2013efficient' on page 1 undefined on input lin
e 83.


LaTeX Warning: Citation `von2004labeling' on page 1 undefined on input line 85.



LaTeX Warning: Citation `devereux2013centre' on page 1 undefined on input line 
85.


LaTeX Warning: Citation `nelson2004university' on page 1 undefined on input lin
e 85.

[1{/var/lib/texmf/fonts/map/pdftex/updmap/pdftex.map}



]

LaTeX Warning: Citation `mikolov2013efficient' on page 2 undefined on input lin
e 95.


LaTeX Warning: Citation `turian2010word' on page 2 undefined on input line 95.


LaTeX Warning: Citation `mikolov2013efficient' on page 2 undefined on input lin
e 95.

<Figure_1.pdf, id=10, 227.85126pt x 57.21375pt>
File: Figure_1.pdf Graphic file (type pdf)
 <use Figure_1.pdf>
Package pdftex.def Info: Figure_1.pdf used on input line 97.
(pdftex.def)             Requested size: 455.24408pt x 114.31543pt.


LaTeX Warning: Citation `mikolov2013efficient' on page 2 undefined on input lin
e 97.


LaTeX Warning: Citation `mikolov2013efficient' on page 2 undefined on input lin
e 97.


LaTeX Warning: Citation `duchi2011adaptive' on page 2 undefined on input line 1
07.


LaTeX Warning: Citation `morin2005hierarchical' on page 2 undefined on input li
ne 107.

[2]

LaTeX Warning: Citation `mikolov2013efficient' on page 3 undefined on input lin
e 112.


LaTeX Warning: Citation `bybee2001frequency' on page 3 undefined on input line 
112.


LaTeX Warning: Citation `chater2006probabilistic' on page 3 undefined on input 
line 112.


LaTeX Warning: Citation `mikolov2013efficient' on page 3 undefined on input lin
e 120.


Underfull \hbox (badness 10000) in paragraph at lines 122--122

 []


LaTeX Warning: Citation `von2004labeling' on page 3 undefined on input line 128
.


Underfull \hbox (badness 7186) in paragraph at lines 128--129
 \OT1/ptm/b/n/10.95 ESPGame Dataset \OT1/ptm/m/n/10.95 The ESP-Game dataset
 []

[3 <./Figure_1.pdf>]

LaTeX Warning: Citation `devereux2013centre' on page 4 undefined on input line 
132.


LaTeX Warning: Citation `mcrae2005semantic' on page 4 undefined on input line 1
32.


LaTeX Warning: Citation `silberer2012grounded' on page 4 undefined on input lin
e 132.


LaTeX Warning: Citation `rollermultimodal' on page 4 undefined on input line 13
2.


LaTeX Warning: Citation `fodor1983modularity' on page 4 undefined on input line
 134.


Underfull \hbox (badness 1824) in paragraph at lines 138--139
 \OT1/ptm/b/n/10.95 Lin-guis-tic In-put \OT1/ptm/m/n/10.95 The lin-guis-tic in-
put to all
 []


Underfull \hbox (badness 1845) in paragraph at lines 138--139
\OT1/ptm/m/n/10.95 mod-els is the 400m word Text8 Cor-pus[] of
 []


Overfull \hbox (16.53731pt too wide) in paragraph at lines 142--160
 [] 
 []


LaTeX Warning: Citation `nelson2004university' on page 4 undefined on input lin
e 170.


LaTeX Warning: Citation `andrews2009integrating' on page 4 undefined on input l
ine 170.


LaTeX Warning: Citation `feng2010visual' on page 4 undefined on input line 170.



LaTeX Warning: Citation `silberer2012grounded' on page 4 undefined on input lin
e 170.


LaTeX Warning: Citation `rollermultimodal' on page 4 undefined on input line 17
0.


LaTeX Warning: Citation `huang2012improving' on page 4 undefined on input line 
170.


LaTeX Warning: Citation `silberer2012grounded' on page 4 undefined on input lin
e 170.


LaTeX Warning: Citation `leech1994claws4' on page 4 undefined on input line 192
.

[4]
Underfull \hbox (badness 3547) in paragraph at lines 223--224
\OT1/ptm/m/n/10.95 ques-tions, out-lined in the fol-low-ing sub-sec-
 []


LaTeX Warning: Citation `mikolov2013efficient' on page 5 undefined on input lin
e 227.


LaTeX Warning: Citation `silberer2012grounded' on page 5 undefined on input lin
e 227.


LaTeX Warning: Citation `hardoon2004canonical' on page 5 undefined on input lin
e 227.


LaTeX Warning: Citation `bruni2014multimodal' on page 5 undefined on input line
 227.


LaTeX Warning: Citation `bruni2014multimodal' on page 5 undefined on input line
 227.


LaTeX Warning: Citation `johns2012perceptual' on page 5 undefined on input line
 240.


Underfull \hbox (badness 3000) in paragraph at lines 240--241
\OT1/ptm/m/n/10.95 perceptual rep-re-sen-ta-tions for tar-get con-cepts
 []


Underfull \hbox (badness 1122) in paragraph at lines 242--242
\OT1/ptm/m/n/10.95 re-sen-ta-tion is com-puted as an av-er-age of the
 []

[5]

LaTeX Warning: Citation `johns2012perceptual' on page 6 undefined on input line
 244.


LaTeX Warning: Citation `myers1990classical' on page 6 undefined on input line 
247.


LaTeX Warning: Citation `mikolov2013efficient' on page 6 undefined on input lin
e 253.

<Graph_1.pdf, id=58, 794.97pt x 230.8625pt>
File: Graph_1.pdf Graphic file (type pdf)
 <use Graph_1.pdf>
Package pdftex.def Info: Graph_1.pdf used on input line 255.
(pdftex.def)             Requested size: 455.24408pt x 132.20944pt.


LaTeX Warning: Citation `feng2010visual' on page 6 undefined on input line 257.



LaTeX Warning: Citation `silberer2012grounded' on page 6 undefined on input lin
e 257.


LaTeX Warning: Citation `silberer2013models' on page 6 undefined on input line 
257.

<Graph_2.pdf, id=59, 794.97pt x 469.755pt>
File: Graph_2.pdf Graphic file (type pdf)
 <use Graph_2.pdf>
Package pdftex.def Info: Graph_2.pdf used on input line 267.
(pdftex.def)             Requested size: 455.24408pt x 269.01752pt.


LaTeX Warning: Citation `katja2005content' on page 6 undefined on input line 27
3.


Underfull \hbox (badness 1412) in paragraph at lines 273--274
\OT1/ptm/m/n/10.95 Although prop-erty norm datasets such as the
 []


Underfull \vbox (badness 10000) has occurred while \output is active []

 [6]
[7 <./Graph_1.pdf>]

LaTeX Warning: Citation `srivastava2012multimodal' on page 8 undefined on input
 line 289.


LaTeX Warning: Citation `wu2013online' on page 8 undefined on input line 289.

[8 <./Graph_2.pdf>]

LaTeX Warning: Citation `grafton2009embodied' on page 9 undefined on input line
 297.


LaTeX Warning: Citation `barsalou2010grounded' on page 9 undefined on input lin
e 297.


Underfull \hbox (badness 1924) in paragraph at lines 297--298
 \OT1/ptm/b/n/10.95 Type III \OT1/ptm/m/n/10.95 Con-cepts, such as ab-stract no
uns,
 []


Underfull \hbox (badness 2042) in paragraph at lines 301--302
[]\OT1/ptm/m/n/10.95 In fu-ture we will ad-dress the ques-tion of
 []

(./EMNLP_final.bbl) [9

] (./EMNLP_final.aux)

LaTeX Warning: There were multiply-defined labels.

 ) 
Here is how much of TeX's memory you used:
 2085 strings out of 493493
 28787 string characters out of 3143797
 87245 words of memory out of 3000000
 5325 multiletter control sequences out of 15000+200000
 33024 words of font info for 83 fonts, out of 3000000 for 9000
 957 hyphenation exceptions out of 8191
 37i,10n,26p,1090b,256s stack positions out of 5000i,500n,10000p,200000b,50000s
{/usr/share/texlive/texmf-dist/fonts/enc/dvips/base/8r.enc}</usr/share/texliv
e/texmf-dist/fonts/type1/public/amsfonts/cm/cmbx10.pfb></usr/share/texlive/texm
f-dist/fonts/type1/public/amsfonts/cm/cmbx8.pfb></usr/share/texlive/texmf-dist/
fonts/type1/public/amsfonts/cm/cmex10.pfb></usr/share/texlive/texmf-dist/fonts/
type1/public/amsfonts/cm/cmmi10.pfb></usr/share/texlive/texmf-dist/fonts/type1/
public/amsfonts/cm/cmmi6.pfb></usr/share/texlive/texmf-dist/fonts/type1/public/
amsfonts/cm/cmmi8.pfb></usr/share/texlive/texmf-dist/fonts/type1/public/amsfont
s/cm/cmmi9.pfb></usr/share/texlive/texmf-dist/fonts/type1/public/amsfonts/cm/cm
r10.pfb></usr/share/texlive/texmf-dist/fonts/type1/public/amsfonts/cm/cmr8.pfb>
</usr/share/texlive/texmf-dist/fonts/type1/public/amsfonts/cm/cmr9.pfb></usr/sh
are/texlive/texmf-dist/fonts/type1/public/amsfonts/cm/cmsy10.pfb></usr/share/te
xlive/texmf-dist/fonts/type1/public/amsfonts/cm/cmsy8.pfb></usr/share/texlive/t
exmf-dist/fonts/type1/public/amsfonts/symbols/msbm10.pfb></usr/share/texlive/te
xmf-dist/fonts/type1/urw/courier/ucrr8a.pfb></usr/share/texlive/texmf-dist/font
s/type1/urw/times/utmb8a.pfb></usr/share/texlive/texmf-dist/fonts/type1/urw/tim
es/utmr8a.pfb></usr/share/texlive/texmf-dist/fonts/type1/urw/times/utmri8a.pfb>

Output written on EMNLP_final.pdf (9 pages, 250822 bytes).
PDF statistics:
 142 PDF objects out of 1000 (max. 8388607)
 100 compressed objects within 1 object stream
 0 named destinations out of 1000 (max. 500000)
 16 words of extra memory for PDF output out of 10000 (max. 10000000)

