This is pdfTeX, Version 3.1415926-2.4-1.40.13 (TeX Live 2012/Debian) (format=pdflatex 2013.6.25)  12 JAN 2016 19:51
entering extended mode
 restricted \write18 enabled.
 %&-line parsing enabled.
**naaclhlt2016.tex
(./naaclhlt2016.tex
LaTeX2e <2011/06/27>
Babel <v3.8m> and hyphenation patterns for english, dumylang, nohyphenation, et
hiopic, farsi, arabic, pinyin, croatian, bulgarian, ukrainian, russian, slovak,
 czech, danish, dutch, usenglishmax, ukenglish, finnish, french, basque, ngerma
n, german, swissgerman, ngerman-x-2012-05-30, german-x-2012-05-30, monogreek, g
reek, ibycus, ancientgreek, hungarian, bengali, tamil, hindi, telugu, gujarati,
 sanskrit, malayalam, kannada, assamese, marathi, oriya, panjabi, italian, lati
n, latvian, lithuanian, mongolian, mongolianlmc, nynorsk, bokmal, indonesian, e
speranto, coptic, welsh, irish, interlingua, serbian, serbianc, slovenian, friu
lan, romansh, estonian, romanian, armenian, uppersorbian, turkish, afrikaans, i
celandic, kurmanji, polish, portuguese, galician, catalan, spanish, swedish, lo
aded.
(/usr/share/texlive/texmf-dist/tex/latex/base/article.cls
Document Class: article 2007/10/19 v1.4h Standard LaTeX document class
(/usr/share/texlive/texmf-dist/tex/latex/base/size11.clo
File: size11.clo 2007/10/19 v1.4h Standard LaTeX file (size option)
)
\c@part=\count79
\c@section=\count80
\c@subsection=\count81
\c@subsubsection=\count82
\c@paragraph=\count83
\c@subparagraph=\count84
\c@figure=\count85
\c@table=\count86
\abovecaptionskip=\skip41
\belowcaptionskip=\skip42
\bibindent=\dimen102
) (./naaclhlt2016.sty
Conference Style for NAACL-HLT 2016 -- released October 13, 2015
\titlebox=\skip43
\naaclrulerbox=\box26
\naaclrulercount=\count87
\naaclruleroffset=\dimen103
\cv@lineheight=\dimen104
\cv@boxheight=\dimen105
\cv@tmpbox=\box27
\cv@refno=\count88
\cv@tot=\count89
\cv@tmpc@=\count90
\cv@tmpc=\count91
) (/usr/share/texlive/texmf-dist/tex/latex/psnfss/times.sty
Package: times 2005/04/12 PSNFSS-v9.2a (SPQR) 
)
(/usr/share/texlive/texmf-dist/tex/latex/base/latexsym.sty
Package: latexsym 1998/08/17 v2.2e Standard LaTeX package (lasy symbols)
\symlasy=\mathgroup4
LaTeX Font Info:    Overwriting symbol font `lasy' in version `bold'
(Font)                  U/lasy/m/n --> U/lasy/b/n on input line 47.
)
(/usr/share/texlive/texmf-dist/tex/latex/graphics/graphicx.sty
Package: graphicx 1999/02/16 v1.0f Enhanced LaTeX Graphics (DPC,SPQR)

(/usr/share/texlive/texmf-dist/tex/latex/graphics/keyval.sty
Package: keyval 1999/03/16 v1.13 key=value parser (DPC)
\KV@toks@=\toks14
)
(/usr/share/texlive/texmf-dist/tex/latex/graphics/graphics.sty
Package: graphics 2009/02/05 v1.0o Standard LaTeX Graphics (DPC,SPQR)

(/usr/share/texlive/texmf-dist/tex/latex/graphics/trig.sty
Package: trig 1999/03/16 v1.09 sin cos tan (DPC)
)
(/usr/share/texlive/texmf-dist/tex/latex/latexconfig/graphics.cfg
File: graphics.cfg 2010/04/23 v1.9 graphics configuration of TeX Live
)
Package graphics Info: Driver file: pdftex.def on input line 91.

(/usr/share/texlive/texmf-dist/tex/latex/pdftex-def/pdftex.def
File: pdftex.def 2011/05/27 v0.06d Graphics/color for pdfTeX

(/usr/share/texlive/texmf-dist/tex/generic/oberdiek/infwarerr.sty
Package: infwarerr 2010/04/08 v1.3 Providing info/warning/error messages (HO)
)
(/usr/share/texlive/texmf-dist/tex/generic/oberdiek/ltxcmds.sty
Package: ltxcmds 2011/11/09 v1.22 LaTeX kernel commands for general use (HO)
)
\Gread@gobject=\count92
))
\Gin@req@height=\dimen106
\Gin@req@width=\dimen107
)
(/usr/share/texlive/texmf-dist/tex/latex/multirow/multirow.sty
\bigstrutjot=\dimen108
)
(/usr/share/texlive/texmf-dist/tex/latex/siunitx/siunitx.sty
(/usr/share/texlive/texmf-dist/tex/latex/l3kernel/expl3.sty
(/usr/share/texlive/texmf-dist/tex/latex/l3kernel/l3names.sty
(/usr/share/texlive/texmf-dist/tex/latex/l3kernel/l3bootstrap.sty
Package: l3bootstrap 2011/12/29 v3110 L3 Experimental bootstrap code
)
Package: l3names 2012/03/04 v3494 L3 Experimental namespace for primitives
)
(/usr/share/texlive/texmf-dist/tex/latex/etex-pkg/etex.sty
Package: etex 1998/03/26 v2.0 eTeX basic definition package (PEB)
\et@xins=\count93
)
Package: expl3 2012/04/23 v3570 L3 Experimental code bundle wrapper

(/usr/share/texlive/texmf-dist/tex/latex/graphics/color.sty
Package: color 2005/11/14 v1.0j Standard LaTeX Color (DPC)

(/usr/share/texlive/texmf-dist/tex/latex/latexconfig/color.cfg
File: color.cfg 2007/01/18 v1.5 color configuration of teTeX/TeXLive
)
Package color Info: Driver file: pdftex.def on input line 130.
)
(/usr/share/texlive/texmf-dist/tex/latex/l3kernel/l3basics.sty
Package: l3basics 2012/03/04 v3491 L3 Experimental basic definitions
)
(/usr/share/texlive/texmf-dist/tex/latex/l3kernel/l3expan.sty
Package: l3expan 2012/02/26 v3460 L3 Experimental argument expansion
)
(/usr/share/texlive/texmf-dist/tex/latex/l3kernel/l3tl.sty
Package: l3tl 2012/03/04 v3490 L3 Experimental token lists
)
(/usr/share/texlive/texmf-dist/tex/latex/l3kernel/l3seq.sty
Package: l3seq 2012/03/04 v3490 L3 Experimental sequences and stacks
)
(/usr/share/texlive/texmf-dist/tex/latex/l3kernel/l3int.sty
Package: l3int 2012/03/04 v3490 L3 Experimental integers
\c_max_int=\count94
\l_tmpa_int=\count95
\l_tmpb_int=\count96
\l_tmpc_int=\count97
\g_tmpa_int=\count98
\g_tmpb_int=\count99
)
(/usr/share/texlive/texmf-dist/tex/latex/l3kernel/l3quark.sty
Package: l3quark 2012/02/12 v3384 L3 Experimental quarks
)
(/usr/share/texlive/texmf-dist/tex/latex/l3kernel/l3prg.sty
Package: l3prg 2012/03/04 v3490 L3 Experimental control structures
\g_prg_map_int=\count100
)
(/usr/share/texlive/texmf-dist/tex/latex/l3kernel/l3clist.sty
Package: l3clist 2012/03/04 v3490 L3 Experimental comma separated lists
)
(/usr/share/texlive/texmf-dist/tex/latex/l3kernel/l3token.sty
Package: l3token 2012/03/04 v3491 L3 Experimental token manipulation
)
(/usr/share/texlive/texmf-dist/tex/latex/l3kernel/l3prop.sty
Package: l3prop 2012/03/04 v3490 L3 Experimental property lists
)
(/usr/share/texlive/texmf-dist/tex/latex/l3kernel/l3msg.sty
Package: l3msg 2012/04/23 v3568 L3 Experimental messages
)
(/usr/share/texlive/texmf-dist/tex/latex/l3kernel/l3file.sty
Package: l3file 2012/03/09 v3520 L3 Experimental file and I/O operations
\l_iow_stream_int=\count101
\l_iow_line_length_int=\count102
\l_iow_target_length_int=\count103
\l_iow_current_line_int=\count104
\l_iow_current_word_int=\count105
\l_iow_current_indentation_int=\count106
)
(/usr/share/texlive/texmf-dist/tex/latex/l3kernel/l3skip.sty
Package: l3skip 2012/03/05 v3499 L3 Experimental dimensions and skips
\l_tmpa_dim=\dimen109
\l_tmpb_dim=\dimen110
\l_tmpc_dim=\dimen111
\g_tmpa_dim=\dimen112
\g_tmpb_dim=\dimen113
\l_tmpa_skip=\skip44
\l_tmpb_skip=\skip45
\l_tmpc_skip=\skip46
\g_tmpa_skip=\skip47
\g_tmpb_skip=\skip48
)
(/usr/share/texlive/texmf-dist/tex/latex/l3kernel/l3keys.sty
Package: l3keys 2012/03/03 v3487 L3 Experimental key-value interfaces
\g_keyval_level_int=\count107
\l_keys_choice_int=\count108
)
(/usr/share/texlive/texmf-dist/tex/latex/l3kernel/l3fp.sty
Package: l3fp 2012/03/04 v3490 L3 Experimental floating-point operations
\c_one_million=\count109
\c_one_hundred_million=\count110
\c_five_hundred_million=\count111
\c_one_thousand_million=\count112
\c_fp_pi_by_four_decimal_int=\count113
\c_fp_pi_by_four_extended_int=\count114
\c_fp_pi_decimal_int=\count115
\c_fp_pi_extended_int=\count116
\c_fp_two_pi_decimal_int=\count117
\c_fp_two_pi_extended_int=\count118
\l_fp_count_int=\count119
\l_fp_div_offset_int=\count120
\l_fp_exp_integer_int=\count121
\l_fp_exp_decimal_int=\count122
\l_fp_exp_extended_int=\count123
\l_fp_exp_exponent_int=\count124
\l_fp_input_a_sign_int=\count125
\l_fp_input_a_integer_int=\count126
\l_fp_input_a_decimal_int=\count127
\l_fp_input_a_exponent_int=\count128
\l_fp_input_b_sign_int=\count129
\l_fp_input_b_integer_int=\count130
\l_fp_input_b_decimal_int=\count131
\l_fp_input_b_exponent_int=\count132
\l_fp_input_a_extended_int=\count133
\l_fp_input_b_extended_int=\count134
\l_fp_mul_a_i_int=\count135
\l_fp_mul_a_ii_int=\count136
\l_fp_mul_a_iii_int=\count137
\l_fp_mul_a_iv_int=\count138
\l_fp_mul_a_v_int=\count139
\l_fp_mul_a_vi_int=\count140
\l_fp_mul_b_i_int=\count141
\l_fp_mul_b_ii_int=\count142
\l_fp_mul_b_iii_int=\count143
\l_fp_mul_b_iv_int=\count144
\l_fp_mul_b_v_int=\count145
\l_fp_mul_b_vi_int=\count146
\l_fp_mul_output_int=\count147
\l_fp_output_sign_int=\count148
\l_fp_output_integer_int=\count149
\l_fp_output_decimal_int=\count150
\l_fp_output_exponent_int=\count151
\l_fp_output_extended_int=\count152
\l_fp_round_position_int=\count153
\l_fp_round_target_int=\count154
\l_fp_split_sign_int=\count155
\l_fp_internal_int=\count156
\l_fp_trig_octant_int=\count157
\l_fp_trig_sign_int=\count158
\l_fp_trig_decimal_int=\count159
\l_fp_trig_extended_int=\count160
\l_fp_internal_dim=\dimen114
\l_fp_internal_skip=\skip49
)
(/usr/share/texlive/texmf-dist/tex/latex/l3kernel/l3box.sty
Package: l3box 2012/03/04 v3490 L3 Experimental boxes
\l_tmpb_box=\box28
\l_box_top_dim=\dimen115
\l_box_bottom_dim=\dimen116
\l_box_left_dim=\dimen117
\l_box_right_dim=\dimen118
\l_box_top_new_dim=\dimen119
\l_box_bottom_new_dim=\dimen120
\l_box_left_new_dim=\dimen121
\l_box_right_new_dim=\dimen122
\l_box_internal_box=\box29
)
(/usr/share/texlive/texmf-dist/tex/latex/l3kernel/l3coffins.sty
Package: l3coffins 2012/03/03 v3482 L3 Experimental coffin code layer
\l_coffin_internal_box=\box30
\l_coffin_internal_dim=\dimen123
\l_coffin_offset_x_dim=\dimen124
\l_coffin_offset_y_dim=\dimen125
\l_coffin_x_dim=\dimen126
\l_coffin_y_dim=\dimen127
\l_coffin_x_prime_dim=\dimen128
\l_coffin_y_prime_dim=\dimen129
\l_coffin_Depth_dim=\dimen130
\l_coffin_Height_dim=\dimen131
\l_coffin_TotalHeight_dim=\dimen132
\l_coffin_Width_dim=\dimen133
\c_empty_coffin=\box31
\l_coffin_aligned_coffin=\box32
\l_coffin_aligned_internal_coffin=\box33
\l_coffin_bounding_shift_dim=\dimen134
\l_coffin_left_corner_dim=\dimen135
\l_coffin_right_corner_dim=\dimen136
\l_coffin_bottom_corner_dim=\dimen137
\l_coffin_top_corner_dim=\dimen138
\l_coffin_scaled_total_height_dim=\dimen139
\l_coffin_scaled_width_dim=\dimen140
\l_coffin_display_coffin=\box34
\l_coffin_display_coord_coffin=\box35
\l_coffin_display_pole_coffin=\box36
\l_coffin_display_offset_dim=\dimen141
\l_coffin_display_x_dim=\dimen142
\l_coffin_display_y_dim=\dimen143
)
(/usr/share/texlive/texmf-dist/tex/latex/l3kernel/l3color.sty
Package: l3color 2011/09/07 v2776 L3 Experimental colour support
)
(/usr/share/texlive/texmf-dist/tex/latex/l3kernel/l3luatex.sty
Package: l3luatex 2012/02/09 v3355 L3 Experimental LuaTeX-specific functions
\g_cctab_allocate_int=\count161
\g_cctab_stack_int=\count162
))
Package: siunitx 2012/05/03 v2.5c A comprehensive (SI) units package

(/usr/share/texlive/texmf-dist/tex/latex/amsmath/amstext.sty
Package: amstext 2000/06/29 v2.01

(/usr/share/texlive/texmf-dist/tex/latex/amsmath/amsgen.sty
File: amsgen.sty 1999/11/30 v2.0
\@emptytoks=\toks15
\ex@=\dimen144
))
(/usr/share/texlive/texmf-dist/tex/latex/tools/array.sty
Package: array 2008/09/09 v2.4c Tabular extension package (FMi)
\col@sep=\dimen145
\extrarowheight=\dimen146
\NC@list=\toks16
\extratabsurround=\skip50
\backup@length=\skip51
)
(/usr/share/texlive/texmf-dist/tex/latex/l3packages/l3keys2e/l3keys2e.sty
(/usr/share/texlive/texmf-dist/tex/latex/l3packages/xparse/xparse.sty
Package: xparse 2012/04/23 v3570 L3 Experimental document command parser
\l_xparse_current_arg_int=\count163
\l_xparse_m_args_int=\count164
\l_xparse_mandatory_args_int=\count165
\l_xparse_processor_int=\count166
\l_xparse_v_nesting_int=\count167
)
Package: l3keys2e 2012/04/23 v3570 LaTeX2e option processing using LaTeX3 keys
)
\l_siunitx_tmp_box=\box37
\l_siunitx_tmp_dim=\dimen147
\l_siunitx_tmp_int=\count168
Variant \prop_get:NVNT already defined; not changing it on line 360
Variant \prop_get:NVNF already defined; not changing it on line 361
Variant \prop_get:NVNTF already defined; not changing it on line 362
\l_siunitx_number_mantissa_length_int=\count169
\l_siunitx_number_uncert_length_int=\count170
\l_siunitx_round_int=\count171
\l_siunitx_process_decimal_int=\count172
\l_siunitx_process_uncertainty_int=\count173
\l_siunitx_process_fixed_int=\count174
\l_siunitx_process_integer_min_int=\count175
\l_siunitx_process_precision_int=\count176
\l_siunitx_group_min_int=\count177
\l_siunitx_angle_marker_box=\box38
\l_siunitx_angle_unit_box=\box39
\l_siunitx_angle_marker_dim=\dimen148
\l_siunitx_angle_unit_dim=\dimen149
\l_siunitx_unit_int=\count178
\l_siunitx_unit_denominator_int=\count179
\l_siunitx_unit_numerator_int=\count180
\l_siunitx_unit_prefix_int=\count181
\l_siunitx_unit_prefix_base_int=\count182
\l_siunitx_unit_prefix_gram_int=\count183
\l_siunitx_number_product_int=\count184
\c_siunitx_one_fill_skip=\skip52
\l_siunitx_table_unit_align_skip=\skip53
\l_siunitx_table_exponent_dim=\dimen150
\l_siunitx_table_integer_dim=\dimen151
\l_siunitx_table_mantissa_dim=\dimen152
\l_siunitx_table_marker_dim=\dimen153
\l_siunitx_table_result_dim=\dimen154
\l_siunitx_table_uncert_dim=\dimen155
\l_siunitx_table_fill_pre_dim=\dimen156
\l_siunitx_table_fill_post_dim=\dimen157
\l_siunitx_table_fill_mid_dim=\dimen158
\l_siunitx_table_pre_box=\box40
\l_siunitx_table_post_box=\box41
\l_siunitx_table_mantissa_box=\box42
\l_siunitx_table_result_box=\box43
\l_siunitx_table_number_align_skip=\skip54
\l_siunitx_table_text_align_skip=\skip55
.................................................
. LaTeX info: "xparse/define-command"
. 
. Defining document command \DeclareBinaryPrefix with arg. spec. 'mmm' on line
. 7037.
.................................................
.................................................
. LaTeX info: "xparse/define-command"
. 
. Defining document command \DeclareSIPostPower with arg. spec. 'mm' on line
. 7040.
.................................................
.................................................
. LaTeX info: "xparse/define-command"
. 
. Defining document command \DeclareSIPrefix with arg. spec. 'mmm' on line
. 7043.
.................................................
.................................................
. LaTeX info: "xparse/define-command"
. 
. Defining document command \DeclareSIPrePower with arg. spec. 'mm' on line
. 7046.
.................................................
.................................................
. LaTeX info: "xparse/define-command"
. 
. Defining document command \DeclareSIQualifier with arg. spec. 'mm' on line
. 7049.
.................................................
.................................................
. LaTeX info: "xparse/define-command"
. 
. Defining document command \DeclareSIUnit with arg. spec. 'O{}mm' on line
. 7052.
.................................................
.................................................
. LaTeX info: "xparse/define-command"
. 
. Defining document command \DeclareSIUnitWithOptions with arg. spec. 'mmm' on
. line 7055.
.................................................
.................................................
. LaTeX info: "xparse/define-command"
. 
. Defining document command \ang with arg. spec. 'o>{\SplitArgument {2}{;}}m'
. on line 7070.
.................................................
.................................................
. LaTeX info: "xparse/define-command"
. 
. Defining document command \num with arg. spec. 'om' on line 7078.
.................................................
.................................................
. LaTeX info: "xparse/define-command"
. 
. Defining document command \numlist with arg. spec. 'o>{\SplitList {;}}m' on
. line 7086.
.................................................
.................................................
. LaTeX info: "xparse/define-command"
. 
. Defining document command \numrange with arg. spec. 'omm' on line 7094.
.................................................
.................................................
. LaTeX info: "xparse/define-command"
. 
. Defining document command \SIlist with arg. spec. 'o>{\SplitList {;}}mm' on
. line 7105.
.................................................
.................................................
. LaTeX info: "xparse/define-command"
. 
. Defining document command \SIrange with arg. spec. 'ommm' on line 7116.
.................................................
.................................................
. LaTeX info: "xparse/define-command"
. 
. Defining document command \SI with arg. spec. 'omom' on line 7127.
.................................................
.................................................
. LaTeX info: "xparse/define-command"
. 
. Defining document command \sisetup with arg. spec. 'm' on line 7130.
.................................................
.................................................
. LaTeX info: "xparse/define-command"
. 
. Defining document command \tablenum with arg. spec. 'om' on line 7142.
.................................................
.................................................
. LaTeX info: "xparse/define-command"
. 
. Defining document command \si with arg. spec. 'om' on line 7153.
.................................................
.................................................
. LaTeX info: "xparse/define-command"
. 
. Defining document command \siunitx_bookmark_num:w with arg. spec. 'om' on
. line 7197.
.................................................
.................................................
. LaTeX info: "xparse/define-command"
. 
. Defining document command \siunitx_bookmark_numrange:w with arg. spec. 'omm'
. on line 7199.
.................................................
.................................................
. LaTeX info: "xparse/define-command"
. 
. Defining document command \siunitx_bookmark_SI:w with arg. spec. 'omom' on
. line 7201.
.................................................
.................................................
. LaTeX info: "xparse/define-command"
. 
. Defining document command \siunitx_bookmark_SIlist:w with arg. spec. 'omm'
. on line 7203.
.................................................
.................................................
. LaTeX info: "xparse/define-command"
. 
. Defining document command \siunitx_bookmark_SIrange:w with arg. spec. 'ommm'
. on line 7205.
.................................................
.................................................
. LaTeX info: "xparse/define-command"
. 
. Defining document command \siunitx_bookmark_si:w with arg. spec. 'om' on
. line 7206.
.................................................
\g_ior_internal_ior=\read1

(/usr/share/texmf/tex/latex/beamer/base/translator/translator.sty
Package: translator 2010/06/12 ver 1.10

(/usr/share/texmf/tex/latex/beamer/base/translator/translator-language-mappings
.tex))) (/usr/share/texlive/texmf-dist/tex/latex/url/url.sty
\Urlmuskip=\muskip10
Package: url 2006/04/12  ver 3.3  Verb mode for urls, etc.
)
(/usr/share/texlive/texmf-dist/tex/latex/booktabs/booktabs.sty
Package: booktabs 2005/04/14 v1.61803 publication quality tables
\heavyrulewidth=\dimen159
\lightrulewidth=\dimen160
\cmidrulewidth=\dimen161
\belowrulesep=\dimen162
\belowbottomsep=\dimen163
\aboverulesep=\dimen164
\abovetopsep=\dimen165
\cmidrulesep=\dimen166
\cmidrulekern=\dimen167
\defaultaddspace=\dimen168
\@cmidla=\count185
\@cmidlb=\count186
\@aboverulesep=\dimen169
\@belowrulesep=\dimen170
\@thisruleclass=\count187
\@lastruleclass=\count188
\@thisrulewidth=\dimen171
)
(/usr/share/texlive/texmf-dist/tex/latex/psnfss/pifont.sty
Package: pifont 2005/04/12 PSNFSS-v9.2a Pi font support (SPQR) 
LaTeX Font Info:    Try loading font information for U+pzd on input line 63.

(/usr/share/texlive/texmf-dist/tex/latex/psnfss/upzd.fd
File: upzd.fd 2001/06/04 font definitions for U/pzd.
)
LaTeX Font Info:    Try loading font information for U+psy on input line 64.

(/usr/share/texlive/texmf-dist/tex/latex/psnfss/upsy.fd
File: upsy.fd 2001/06/04 font definitions for U/psy.
))
(/usr/share/texlive/texmf-dist/tex/latex/changepage/changepage.sty
Package: changepage 2009/10/20 v1.0c check page and change page layout
\c@cp@cntr=\count189
\cp@tempcnt=\count190
)
(/usr/share/texlive/texmf-dist/tex/latex/caption/caption.sty
Package: caption 2012/02/19 v3.2f Customizing captions (AR)

(/usr/share/texlive/texmf-dist/tex/latex/caption/caption3.sty
Package: caption3 2012/01/12 v1.4b caption3 kernel (AR)
\captionmargin=\dimen172
\captionmargin@=\dimen173
\captionwidth=\dimen174
\caption@indent=\dimen175
\caption@parindent=\dimen176
\caption@hangindent=\dimen177
Package caption Info: Unknown document class (or package),
(caption)             standard defaults will be used.
)

Package caption Warning: Unsupported document class (or package) detected,
(caption)                usage of the caption package is not recommended.
See the caption package documentation for explanation.

Package caption Info: \@makecaption = \long macro:#1#2->\vskip \abovecaptionski
p \sbox \@tempboxa {\footnotesize {\bf #1:} #2}\ifdim \wd \@tempboxa >\hsize {\
footnotesize {\bf #1:} #2}\par \else \global \@minipagefalse \hb@xt@ \hsize {\h
fil \box \@tempboxa \hfil }\fi \vskip \belowcaptionskip .
\c@ContinuedFloat=\count191
) (./naaclhlt2016.aux)
\openout1 = `naaclhlt2016.aux'.

LaTeX Font Info:    Checking defaults for OML/cmm/m/it on input line 78.
LaTeX Font Info:    ... okay on input line 78.
LaTeX Font Info:    Checking defaults for T1/cmr/m/n on input line 78.
LaTeX Font Info:    ... okay on input line 78.
LaTeX Font Info:    Checking defaults for OT1/cmr/m/n on input line 78.
LaTeX Font Info:    ... okay on input line 78.
LaTeX Font Info:    Checking defaults for OMS/cmsy/m/n on input line 78.
LaTeX Font Info:    ... okay on input line 78.
LaTeX Font Info:    Checking defaults for OMX/cmex/m/n on input line 78.
LaTeX Font Info:    ... okay on input line 78.
LaTeX Font Info:    Checking defaults for U/cmr/m/n on input line 78.
LaTeX Font Info:    ... okay on input line 78.
LaTeX Font Info:    Try loading font information for OT1+ptm on input line 78.

(/usr/share/texlive/texmf-dist/tex/latex/psnfss/ot1ptm.fd
File: ot1ptm.fd 2001/06/04 font definitions for OT1/ptm.
)
ABD: EveryShipout initializing macros
(/usr/share/texlive/texmf-dist/tex/context/base/supp-pdf.mkii
[Loading MPS to PDF converter (version 2006.09.02).]
\scratchcounter=\count192
\scratchdimen=\dimen178
\scratchbox=\box44
\nofMPsegments=\count193
\nofMParguments=\count194
\everyMPshowfont=\toks17
\MPscratchCnt=\count195
\MPscratchDim=\dimen179
\MPnumerator=\count196
\makeMPintoPDFobject=\count197
\everyMPtoPDFconversion=\toks18
) (/usr/share/texlive/texmf-dist/tex/generic/oberdiek/pdftexcmds.sty
Package: pdftexcmds 2011/11/29 v0.20 Utility functions of pdfTeX for LuaTeX (HO
)

(/usr/share/texlive/texmf-dist/tex/generic/oberdiek/ifluatex.sty
Package: ifluatex 2010/03/01 v1.3 Provides the ifluatex switch (HO)
Package ifluatex Info: LuaTeX not detected.
)
(/usr/share/texlive/texmf-dist/tex/generic/oberdiek/ifpdf.sty
Package: ifpdf 2011/01/30 v2.3 Provides the ifpdf switch (HO)
Package ifpdf Info: pdfTeX in PDF mode is detected.
)
Package pdftexcmds Info: LuaTeX not detected.
Package pdftexcmds Info: \pdf@primitive is available.
Package pdftexcmds Info: \pdf@ifprimitive is available.
Package pdftexcmds Info: \pdfdraftmode found.
)
(/usr/share/texlive/texmf-dist/tex/latex/oberdiek/epstopdf-base.sty
Package: epstopdf-base 2010/02/09 v2.5 Base part for package epstopdf

(/usr/share/texlive/texmf-dist/tex/latex/oberdiek/grfext.sty
Package: grfext 2010/08/19 v1.1 Manage graphics extensions (HO)

(/usr/share/texlive/texmf-dist/tex/generic/oberdiek/kvdefinekeys.sty
Package: kvdefinekeys 2011/04/07 v1.3 Define keys (HO)
))
(/usr/share/texlive/texmf-dist/tex/latex/oberdiek/kvoptions.sty
Package: kvoptions 2011/06/30 v3.11 Key value format for package options (HO)

(/usr/share/texlive/texmf-dist/tex/generic/oberdiek/kvsetkeys.sty
Package: kvsetkeys 2012/04/25 v1.16 Key value parser (HO)

(/usr/share/texlive/texmf-dist/tex/generic/oberdiek/etexcmds.sty
Package: etexcmds 2011/02/16 v1.5 Avoid name clashes with e-TeX commands (HO)
Package etexcmds Info: Could not find \expanded.
(etexcmds)             That can mean that you are not using pdfTeX 1.50 or
(etexcmds)             that some package has redefined \expanded.
(etexcmds)             In the latter case, load this package earlier.
)))
Package grfext Info: Graphics extension search list:
(grfext)             [.png,.pdf,.jpg,.mps,.jpeg,.jbig2,.jb2,.PNG,.PDF,.JPG,.JPE
G,.JBIG2,.JB2,.eps]
(grfext)             \AppendGraphicsExtensions on input line 452.

(/usr/share/texlive/texmf-dist/tex/latex/latexconfig/epstopdf-sys.cfg
File: epstopdf-sys.cfg 2010/07/13 v1.3 Configuration of (r)epstopdf for TeX Liv
e
))
(/usr/share/texmf/tex/latex/beamer/base/translator/dicts/translator-basic-dicti
onary/translator-basic-dictionary-English.dict
Dictionary: translator-basic-dictionary, Language: English 
)
(/usr/share/texlive/texmf-dist/tex/latex/siunitx/config/siunitx-abbreviations.c
fg
File: siunitx-abbreviations.cfg 2012/05/03 v2.5c siunitx: Abbreviated units
) (/usr/share/texlive/texmf-dist/tex/latex/siunitx/config/siunitx-binary.cfg
File: siunitx-binary.cfg 2012/05/03 v2.5c siunitx: Binary units
)
Package caption Info: Begin \AtBeginDocument code.
Package caption Info: End \AtBeginDocument code.
\c_siunitx_mathsf_int=\count198
LaTeX Font Info:    External font `cmex10' loaded for size
(Font)              <10.95> on input line 78.
LaTeX Font Info:    External font `cmex10' loaded for size
(Font)              <8> on input line 78.
LaTeX Font Info:    External font `cmex10' loaded for size
(Font)              <6> on input line 78.
LaTeX Font Info:    Try loading font information for U+lasy on input line 78.
(/usr/share/texlive/texmf-dist/tex/latex/base/ulasy.fd
File: ulasy.fd 1998/08/17 v2.2e LaTeX symbol font definitions
)
\c_siunitx_mathtt_int=\count199
LaTeX Font Info:    Font shape `OT1/ptm/bx/n' in size <14.4> not available
(Font)              Font shape `OT1/ptm/b/n' tried instead on input line 80.
LaTeX Font Info:    External font `cmex10' loaded for size
(Font)              <12> on input line 80.
LaTeX Font Info:    Font shape `OT1/ptm/bx/n' in size <12> not available
(Font)              Font shape `OT1/ptm/b/n' tried instead on input line 80.
LaTeX Font Info:    External font `cmex10' loaded for size
(Font)              <9> on input line 91.
LaTeX Font Info:    External font `cmex10' loaded for size
(Font)              <5> on input line 91.
 [1{/var/lib/texmf/fonts/map/pdftex/updmap/pdftex.map}



]
LaTeX Font Info:    Font shape `OT1/ptm/bx/n' in size <10.95> not available
(Font)              Font shape `OT1/ptm/b/n' tried instead on input line 101.
LaTeX Font Info:    Try loading font information for OT1+pcr on input line 108.


(/usr/share/texlive/texmf-dist/tex/latex/psnfss/ot1pcr.fd
File: ot1pcr.fd 2001/06/04 font definitions for OT1/pcr.
) [2]
Underfull \hbox (badness 1057) in paragraph at lines 112--113
\OT1/ptm/m/n/10.95 2015), an ap-proach that ex-ploits a (su-per-vised)
 []


Underfull \hbox (badness 3158) in paragraph at lines 119--119
[][]$\OT1/pcr/m/n/8 https : / / www . cl . cam . ac . uk / []fh295/$\OT1/ptm/m/
n/9 . Def-i-ni-tions
 []


Underfull \hbox (badness 1360) in paragraph at lines 123--124
\OT1/ptm/b/n/10.95 NMT \OT1/ptm/m/n/10.95 We con-sider the sen-tence rep-re-sen
-ta-tions
 []


Underfull \hbox (badness 1365) in paragraph at lines 123--124
\OT1/ptm/m/n/10.95 learned by neu-ral MT mod-els. These mod-els
 []


Underfull \hbox (badness 10000) in paragraph at lines 128--129
\OT1/ptm/b/n/10.95 Sequential (De-nois-ing) Au-toen-coders \OT1/ptm/m/n/10.95 T
he
 []


Underfull \hbox (badness 4217) in paragraph at lines 128--129
\OT1/ptm/m/n/10.95 a co-her-ent inter-sentence nar-ra-tive, mak-ing it
 []


Underfull \hbox (badness 2753) in paragraph at lines 128--129
\OT1/ptm/m/n/10.95 or ar-ti-fi-cial lan-guage gen-er-ated from sym-bolic
 []


Underfull \hbox (badness 6316) in paragraph at lines 128--129
\OT1/ptm/m/n/10.95 with a representation-learning ob-jec-tive based
 []


Underfull \hbox (badness 1043) in paragraph at lines 128--129
\OT1/ptm/m/n/10.95 to re-cover the orig-i-nal data from the cor-rupted
 []


Underfull \hbox (badness 1048) in paragraph at lines 128--129
\OT1/ptm/m/n/10.95 ro-bust (su-per-vised) clas-si-fi-ca-tion per-for-mance in
 []

[3]
LaTeX Font Info:    External font `cmex10' loaded for size
(Font)              <7> on input line 151.

Overfull \hbox (21.77899pt too wide) in paragraph at lines 151--165
[][] 
 []

LaTeX Font Info:    Font shape `OT1/ptm/bx/n' in size <9> not available
(Font)              Font shape `OT1/ptm/b/n' tried instead on input line 165.

Overfull \hbox (5.86925pt too wide) in paragraph at lines 176--190
 [] 
 []

[4]
LaTeX Font Info:    Font shape `OT1/ptm/bx/n' in size <10> not available
(Font)              Font shape `OT1/ptm/b/n' tried instead on input line 224.

Underfull \hbox (badness 2735) in paragraph at lines 310--311
\OT1/ptm/m/n/10.95 (Dolan et al., 2004), movie re-view sen-ti-ment
 []


Underfull \hbox (badness 2512) in paragraph at lines 310--311
\OT1/ptm/m/n/10.95 (MR) (Pang and Lee, 2005), prod-uct re-views
 []


Underfull \hbox (badness 3148) in paragraph at lines 322--323
[]\OT1/ptm/m/n/10.95 Results on the un-su-per-vised eval-u-a-tions are
 []


Underfull \hbox (badness 1194) in paragraph at lines 322--323
\OT1/ptm/m/n/10.95 the mod-els trained on raw text, sim-ply adding
 []

[5]
Underfull \hbox (badness 1635) in paragraph at lines 335--336
\OT1/ptm/b/n/10.95 Differences be-tween su-per-vised and un-su-per-
 []


Underfull \hbox (badness 1168) in paragraph at lines 335--336
\OT1/ptm/m/n/10.95 form well in the un-su-per-vised set-ting. In the
 []


Underfull \vbox (badness 10000) has occurred while \output is active []

 [6]
LaTeX Font Info:    Font shape `OT1/ptm/bx/it' in size <9> not available
(Font)              Font shape `OT1/ptm/b/it' tried instead on input line 346.

Overfull \hbox (35.45638pt too wide) in paragraph at lines 345--375
 [] 
 []


Overfull \hbox (42.44356pt too wide) in paragraph at lines 388--396
 [] 
 []


Underfull \hbox (badness 1014) in paragraph at lines 436--438
\OT1/ptm/b/n/10.95 The role of word or-der is un-clear \OT1/ptm/m/n/10.95 The a
v-er-
 []

[7] (./naaclhlt2016.bbl
Underfull \vbox (badness 10000) has occurred while \output is active []

 [8]
Underfull \hbox (badness 4518) in paragraph at lines 44--49
[]\OT1/ptm/m/n/10 Xinlei Chen, Hao Fang, Tsung-Yi Lin, Ra-makr-
 []


Underfull \hbox (badness 1184) in paragraph at lines 109--114
\OT1/ptm/m/it/10 edge dis-cov-ery and data min-ing\OT1/ptm/m/n/10 , pages 168--
177.
 []


Underfull \hbox (badness 2409) in paragraph at lines 137--143
[]\OT1/ptm/m/n/10 Ryan Kiros, Yukun Zhu, Rus-lan R Salakhut-di-nov,
 []

[9]
Underfull \hbox (badness 7925) in paragraph at lines 198--203
[]\OT1/ptm/m/n/10 Dmitrijs Mi-la-jevs, Dim-itri Kart-sak-lis, Mehrnoosh
 []

) [10] (./naaclhlt2016.aux) )
(\end occurred when \iffalse on line 298 was incomplete) 
Here is how much of TeX's memory you used:
 10956 strings out of 493493
 232244 string characters out of 3143797
 256438 words of memory out of 3000000
 14061 multiletter control sequences out of 15000+200000
 42461 words of font info for 99 fonts, out of 3000000 for 9000
 957 hyphenation exceptions out of 8191
 38i,11n,38p,1600b,685s stack positions out of 5000i,500n,10000p,200000b,50000s
{/usr/share/texlive/tex
mf-dist/fonts/enc/dvips/base/8r.enc}</usr/share/texlive/texmf-dist/fonts/type1/
public/amsfonts/cm/cmbx10.pfb></usr/share/texlive/texmf-dist/fonts/type1/public
/amsfonts/cm/cmbx8.pfb></usr/share/texlive/texmf-dist/fonts/type1/public/amsfon
ts/cm/cmex10.pfb></usr/share/texlive/texmf-dist/fonts/type1/public/amsfonts/cm/
cmmi10.pfb></usr/share/texlive/texmf-dist/fonts/type1/public/amsfonts/cm/cmmi6.
pfb></usr/share/texlive/texmf-dist/fonts/type1/public/amsfonts/cm/cmmi8.pfb></u
sr/share/texlive/texmf-dist/fonts/type1/public/amsfonts/cm/cmmi9.pfb></usr/shar
e/texlive/texmf-dist/fonts/type1/public/amsfonts/cm/cmr10.pfb></usr/share/texli
ve/texmf-dist/fonts/type1/public/amsfonts/cm/cmr6.pfb></usr/share/texlive/texmf
-dist/fonts/type1/public/amsfonts/cm/cmr8.pfb></usr/share/texlive/texmf-dist/fo
nts/type1/public/amsfonts/cm/cmr9.pfb></usr/share/texlive/texmf-dist/fonts/type
1/public/amsfonts/cm/cmsy10.pfb></usr/share/texlive/texmf-dist/fonts/type1/publ
ic/amsfonts/cm/cmsy6.pfb></usr/share/texlive/texmf-dist/fonts/type1/public/amsf
onts/cm/cmsy8.pfb></usr/share/texlive/texmf-dist/fonts/type1/public/amsfonts/cm
/cmsy9.pfb></usr/share/texlive/texmf-dist/fonts/type1/urw/courier/ucrr8a.pfb></
usr/share/texlive/texmf-dist/fonts/type1/urw/helvetic/uhvb8a.pfb></usr/share/te
xlive/texmf-dist/fonts/type1/urw/times/utmb8a.pfb></usr/share/texlive/texmf-dis
t/fonts/type1/urw/times/utmbi8a.pfb></usr/share/texlive/texmf-dist/fonts/type1/
urw/times/utmr8a.pfb></usr/share/texlive/texmf-dist/fonts/type1/urw/times/utmri
8a.pfb></usr/share/texlive/texmf-dist/fonts/type1/urw/zapfding/uzdr.pfb>
Output written on naaclhlt2016.pdf (10 pages, 260129 bytes).
PDF statistics:
 126 PDF objects out of 1000 (max. 8388607)
 91 compressed objects within 1 object stream
 0 named destinations out of 1000 (max. 500000)
 1 words of extra memory for PDF output out of 10000 (max. 10000000)

