\BOOKMARK [1][-]{section.1}{Introduction}{}% 1
\BOOKMARK [1][-]{section.2}{Neural Language Model Architectures}{}% 2
\BOOKMARK [2][-]{subsection.2.1}{Long Short Term Memory}{section.2}% 3
\BOOKMARK [2][-]{subsection.2.2}{Bag-of-Words NLMs}{section.2}% 4
\BOOKMARK [2][-]{subsection.2.3}{Pre-trained Input Representations}{section.2}% 5
\BOOKMARK [2][-]{subsection.2.4}{Training Objective}{section.2}% 6
\BOOKMARK [2][-]{subsection.2.5}{Implementation Details}{section.2}% 7
\BOOKMARK [1][-]{section.3}{Reverse Dictionaries}{}% 8
\BOOKMARK [2][-]{subsection.3.1}{Data Collection and Training}{section.3}% 9
\BOOKMARK [2][-]{subsection.3.2}{Comparisons}{section.3}% 10
\BOOKMARK [2][-]{subsection.3.3}{Reverse Dictionary Evaluation}{section.3}% 11
\BOOKMARK [2][-]{subsection.3.4}{Results}{section.3}% 12
\BOOKMARK [2][-]{subsection.3.5}{Qualitative Analysis}{section.3}% 13
\BOOKMARK [2][-]{subsection.3.6}{Cross-Lingual Reverse Dictionaries}{section.3}% 14
\BOOKMARK [2][-]{subsection.3.7}{Discussion}{section.3}% 15
\BOOKMARK [1][-]{section.4}{General Knowledge \(crossword\) Question Answering}{}% 16
\BOOKMARK [2][-]{subsection.4.1}{Evaluation}{section.4}% 17
\BOOKMARK [2][-]{subsection.4.2}{Benchmarks and Comparisons}{section.4}% 18
\BOOKMARK [2][-]{subsection.4.3}{Results}{section.4}% 19
\BOOKMARK [2][-]{subsection.4.4}{Qualitative Analysis}{section.4}% 20
\BOOKMARK [1][-]{section.5}{Conclusion}{}% 21
