This is pdfTeX, Version 3.1415926-2.4-1.40.13 (TeX Live 2012/Debian) (format=pdflatex 2013.6.25)  26 JAN 2016 11:55
entering extended mode
 restricted \write18 enabled.
 %&-line parsing enabled.
**camera_ready.tex
(./camera_ready.tex
LaTeX2e <2011/06/27>
Babel <v3.8m> and hyphenation patterns for english, dumylang, nohyphenation, et
hiopic, farsi, arabic, pinyin, croatian, bulgarian, ukrainian, russian, slovak,
 czech, danish, dutch, usenglishmax, ukenglish, finnish, french, basque, ngerma
n, german, swissgerman, ngerman-x-2012-05-30, german-x-2012-05-30, monogreek, g
reek, ibycus, ancientgreek, hungarian, bengali, tamil, hindi, telugu, gujarati,
 sanskrit, malayalam, kannada, assamese, marathi, oriya, panjabi, italian, lati
n, latvian, lithuanian, mongolian, mongolianlmc, nynorsk, bokmal, indonesian, e
speranto, coptic, welsh, irish, interlingua, serbian, serbianc, slovenian, friu
lan, romansh, estonian, romanian, armenian, uppersorbian, turkish, afrikaans, i
celandic, kurmanji, polish, portuguese, galician, catalan, spanish, swedish, lo
aded.
(./clv2.cls
Document Class: clv2 2005/02/08 v2 LaTeX document class for MIT - Computational
 Linguistics Journals
\draftrule=\dimen102
\trimrule=\dimen103
\trimwidth=\skip41
\trimheight=\skip42
\typewidth=\skip43
\typeheight=\skip44
\normaltextheight=\skip45
\blindfoliodrop=\skip46
\figheight=\skip47
\figwidth=\skip48
\tabledim=\skip49
\tempdimen=\dimen104
\enumdim=\dimen105
\mathindent=\dimen106
\emathindent=\dimen107
\bibindent=\dimen108
\normalbaselineskip=\skip50
\tableleftskip=\skip51
\tablerightskip=\skip52
\tempbox=\box26
LaTeX Info: Redefining \itshape on input line 420.
LaTeX Info: Redefining \scshape on input line 425.
(/usr/share/texlive/texmf-dist/tex/latex/base/fontenc.sty
Package: fontenc 2005/09/27 v1.99g Standard LaTeX package

(/usr/share/texlive/texmf-dist/tex/latex/base/t1enc.def
File: t1enc.def 2005/09/27 v1.99g Standard LaTeX file
LaTeX Font Info:    Redeclaring font encoding T1 on input line 43.
))
(/usr/share/texlive/texmf-dist/tex/latex/base/textcomp.sty
Package: textcomp 2005/09/27 v1.99g Standard LaTeX package
Package textcomp Info: Sub-encoding information:
(textcomp)               5 = only ISO-Adobe without \textcurrency
(textcomp)               4 = 5 + \texteuro
(textcomp)               3 = 4 + \textohm
(textcomp)               2 = 3 + \textestimated + \textcurrency
(textcomp)               1 = TS1 - \textcircled - \t
(textcomp)               0 = TS1 (full)
(textcomp)             Font families with sub-encoding setting implement
(textcomp)             only a restricted character set as indicated.
(textcomp)             Family '?' is the default used for unknown fonts.
(textcomp)             See the documentation for details.
Package textcomp Info: Setting ? sub-encoding to TS1/1 on input line 71.

(/usr/share/texlive/texmf-dist/tex/latex/base/ts1enc.def
File: ts1enc.def 2001/06/05 v3.0e (jk/car/fm) Standard LaTeX file
)
LaTeX Info: Redefining \oldstylenums on input line 266.
Package textcomp Info: Setting cmr sub-encoding to TS1/0 on input line 281.
Package textcomp Info: Setting cmss sub-encoding to TS1/0 on input line 282.
Package textcomp Info: Setting cmtt sub-encoding to TS1/0 on input line 283.
Package textcomp Info: Setting cmvtt sub-encoding to TS1/0 on input line 284.
Package textcomp Info: Setting cmbr sub-encoding to TS1/0 on input line 285.
Package textcomp Info: Setting cmtl sub-encoding to TS1/0 on input line 286.
Package textcomp Info: Setting ccr sub-encoding to TS1/0 on input line 287.
Package textcomp Info: Setting ptm sub-encoding to TS1/4 on input line 288.
Package textcomp Info: Setting pcr sub-encoding to TS1/4 on input line 289.
Package textcomp Info: Setting phv sub-encoding to TS1/4 on input line 290.
Package textcomp Info: Setting ppl sub-encoding to TS1/3 on input line 291.
Package textcomp Info: Setting pag sub-encoding to TS1/4 on input line 292.
Package textcomp Info: Setting pbk sub-encoding to TS1/4 on input line 293.
Package textcomp Info: Setting pnc sub-encoding to TS1/4 on input line 294.
Package textcomp Info: Setting pzc sub-encoding to TS1/4 on input line 295.
Package textcomp Info: Setting bch sub-encoding to TS1/4 on input line 296.
Package textcomp Info: Setting put sub-encoding to TS1/5 on input line 297.
Package textcomp Info: Setting uag sub-encoding to TS1/5 on input line 298.
Package textcomp Info: Setting ugq sub-encoding to TS1/5 on input line 299.
Package textcomp Info: Setting ul8 sub-encoding to TS1/4 on input line 300.
Package textcomp Info: Setting ul9 sub-encoding to TS1/4 on input line 301.
Package textcomp Info: Setting augie sub-encoding to TS1/5 on input line 302.
Package textcomp Info: Setting dayrom sub-encoding to TS1/3 on input line 303.
Package textcomp Info: Setting dayroms sub-encoding to TS1/3 on input line 304.

Package textcomp Info: Setting pxr sub-encoding to TS1/0 on input line 305.
Package textcomp Info: Setting pxss sub-encoding to TS1/0 on input line 306.
Package textcomp Info: Setting pxtt sub-encoding to TS1/0 on input line 307.
Package textcomp Info: Setting txr sub-encoding to TS1/0 on input line 308.
Package textcomp Info: Setting txss sub-encoding to TS1/0 on input line 309.
Package textcomp Info: Setting txtt sub-encoding to TS1/0 on input line 310.
Package textcomp Info: Setting lmr sub-encoding to TS1/0 on input line 311.
Package textcomp Info: Setting lmdh sub-encoding to TS1/0 on input line 312.
Package textcomp Info: Setting lmss sub-encoding to TS1/0 on input line 313.
Package textcomp Info: Setting lmssq sub-encoding to TS1/0 on input line 314.
Package textcomp Info: Setting lmvtt sub-encoding to TS1/0 on input line 315.
Package textcomp Info: Setting qhv sub-encoding to TS1/0 on input line 316.
Package textcomp Info: Setting qag sub-encoding to TS1/0 on input line 317.
Package textcomp Info: Setting qbk sub-encoding to TS1/0 on input line 318.
Package textcomp Info: Setting qcr sub-encoding to TS1/0 on input line 319.
Package textcomp Info: Setting qcs sub-encoding to TS1/0 on input line 320.
Package textcomp Info: Setting qpl sub-encoding to TS1/0 on input line 321.
Package textcomp Info: Setting qtm sub-encoding to TS1/0 on input line 322.
Package textcomp Info: Setting qzc sub-encoding to TS1/0 on input line 323.
Package textcomp Info: Setting qhvc sub-encoding to TS1/0 on input line 324.
Package textcomp Info: Setting futs sub-encoding to TS1/4 on input line 325.
Package textcomp Info: Setting futx sub-encoding to TS1/4 on input line 326.
Package textcomp Info: Setting futj sub-encoding to TS1/4 on input line 327.
Package textcomp Info: Setting hlh sub-encoding to TS1/3 on input line 328.
Package textcomp Info: Setting hls sub-encoding to TS1/3 on input line 329.
Package textcomp Info: Setting hlst sub-encoding to TS1/3 on input line 330.
Package textcomp Info: Setting hlct sub-encoding to TS1/5 on input line 331.
Package textcomp Info: Setting hlx sub-encoding to TS1/5 on input line 332.
Package textcomp Info: Setting hlce sub-encoding to TS1/5 on input line 333.
Package textcomp Info: Setting hlcn sub-encoding to TS1/5 on input line 334.
Package textcomp Info: Setting hlcw sub-encoding to TS1/5 on input line 335.
Package textcomp Info: Setting hlcf sub-encoding to TS1/5 on input line 336.
Package textcomp Info: Setting pplx sub-encoding to TS1/3 on input line 337.
Package textcomp Info: Setting pplj sub-encoding to TS1/3 on input line 338.
Package textcomp Info: Setting ptmx sub-encoding to TS1/4 on input line 339.
Package textcomp Info: Setting ptmj sub-encoding to TS1/4 on input line 340.
)
(/usr/share/texlive/texmf-dist/tex/latex/psnfss/palatino.sty
Package: palatino 2005/04/12 PSNFSS-v9.2a (SPQR) 
)
(/usr/share/texlive/texmf-dist/tex/latex/psnfss/helvet.sty
Package: helvet 2005/04/12 PSNFSS-v9.2a (WaS) 

(/usr/share/texlive/texmf-dist/tex/latex/graphics/keyval.sty
Package: keyval 1999/03/16 v1.13 key=value parser (DPC)
\KV@toks@=\toks14
))
\minute=\count79
\hour=\count80
\aucount=\count81
\tempcount=\count82
\c@part=\count83
\c@chapter=\count84
\c@section=\count85
\c@subsection=\count86
\c@subsubsection=\count87
\c@paragraph=\count88
\c@subparagraph=\count89
\topsepi=\skip53
\topsepii=\skip54
\topsepiii=\skip55
\itemsepi=\skip56
\itemsepii=\skip57
\itemsepiii=\skip58
\LabelSep=\dimen109
\listtopsepi=\skip59
\listtopsepii=\skip60
\listtopsepiii=\skip61
\listitemsepi=\skip62
\listitemsepii=\skip63
\listitemsepiii=\skip64
\listleftmargini=\skip65
\listleftmarginii=\skip66
\listleftmarginiii=\skip67
\listlabelwidthi=\skip68
\listlabelwidthii=\skip69
\listlabelwidthiii=\skip70
\listlabelsepi=\skip71
\listlabelsepii=\skip72
\listlabelsepiii=\skip73
\listrightmargin=\skip74
\listdepth=\count90
\lpalignmaxwd=\skip75
\c@eqnnosave=\count91
\c@theorem=\count92
\c@example=\count93
\c@theorem=\count94
\c@lemma=\count95
\c@proposition=\count96
\c@corollary=\count97
\c@notation=\count98
\c@assumption=\count99
\c@remark=\count100
\c@numdef=\count101
\c@numtheorem=\count102
\c@case=\count103
\c@proof=\count104
\abovecaptionskip=\skip76
\belowcaptionskip=\skip77
\c@figure=\count105

(/usr/share/texlive/texmf-dist/tex/latex/graphics/epsfig.sty
Package: epsfig 1999/02/16 v1.7a (e)psfig emulation (SPQR)

(/usr/share/texlive/texmf-dist/tex/latex/graphics/graphicx.sty
Package: graphicx 1999/02/16 v1.0f Enhanced LaTeX Graphics (DPC,SPQR)

(/usr/share/texlive/texmf-dist/tex/latex/graphics/graphics.sty
Package: graphics 2009/02/05 v1.0o Standard LaTeX Graphics (DPC,SPQR)

(/usr/share/texlive/texmf-dist/tex/latex/graphics/trig.sty
Package: trig 1999/03/16 v1.09 sin cos tan (DPC)
)
(/usr/share/texlive/texmf-dist/tex/latex/latexconfig/graphics.cfg
File: graphics.cfg 2010/04/23 v1.9 graphics configuration of TeX Live
)
Package graphics Info: Driver file: pdftex.def on input line 91.

(/usr/share/texlive/texmf-dist/tex/latex/pdftex-def/pdftex.def
File: pdftex.def 2011/05/27 v0.06d Graphics/color for pdfTeX

(/usr/share/texlive/texmf-dist/tex/generic/oberdiek/infwarerr.sty
Package: infwarerr 2010/04/08 v1.3 Providing info/warning/error messages (HO)
)
(/usr/share/texlive/texmf-dist/tex/generic/oberdiek/ltxcmds.sty
Package: ltxcmds 2011/11/09 v1.22 LaTeX kernel commands for general use (HO)
)
\Gread@gobject=\count106
))
\Gin@req@height=\dimen110
\Gin@req@width=\dimen111
)
\epsfxsize=\dimen112
\epsfysize=\dimen113
)
(/usr/share/texlive/texmf-dist/tex/latex/rotating/rotating.sty
Package: rotating 2009/03/28 v2.16a rotated objects in LaTeX

(/usr/share/texlive/texmf-dist/tex/latex/base/ifthen.sty
Package: ifthen 2001/05/26 v1.1c Standard LaTeX ifthen package (DPC)
)
\c@r@tfl@t=\count107
\rotFPtop=\skip78
\rotFPbot=\skip79
\rot@float@box=\box27
\rot@mess@toks=\toks15
)
\figtempbox=\box28
\c@table=\count108
\@footmax=\dimen114
\bibleftmargin=\skip80
\biblabelsep=\skip81
\bibitemsep=\skip82
\bibparsep=\skip83
\c@rules=\count109
\@mainqry=\write3
\c@qcount=\count110
\qcountdim=\dimen115
\@twocolsep=\dimen116
\partialpage=\box29
\tblcolcount=\count111
\tcsepbefore=\skip84

(/usr/share/texlive/texmf-dist/tex/latex/amsfonts/amsfonts.sty
Package: amsfonts 2009/06/22 v3.00 Basic AMSFonts support
\@emptytoks=\toks16
\symAMSa=\mathgroup4
\symAMSb=\mathgroup5
LaTeX Font Info:    Overwriting math alphabet `\mathfrak' in version `bold'
(Font)                  U/euf/m/n --> U/euf/b/n on input line 96.
)
(/usr/share/texlive/texmf-dist/tex/latex/amsfonts/amssymb.sty
Package: amssymb 2009/06/22 v3.00
)
(/usr/share/texlive/texmf-dist/tex/latex/tools/multicol.sty
Package: multicol 2011/06/27 v1.7a multicolumn formatting (FMi)
\c@tracingmulticols=\count112
\mult@box=\box30
\multicol@leftmargin=\dimen117
\c@unbalance=\count113
\c@collectmore=\count114
\doublecol@number=\count115
\multicoltolerance=\count116
\multicolpretolerance=\count117
\full@width=\dimen118
\page@free=\dimen119
\premulticols=\dimen120
\postmulticols=\dimen121
\multicolsep=\skip85
\multicolbaselineskip=\skip86
\partial@page=\box31
\last@line=\box32
\mult@rightbox=\box33
\mult@grightbox=\box34
\mult@gfirstbox=\box35
\mult@firstbox=\box36
\@tempa=\box37
\@tempa=\box38
\@tempa=\box39
\@tempa=\box40
\@tempa=\box41
\@tempa=\box42
\@tempa=\box43
\@tempa=\box44
\@tempa=\box45
\@tempa=\box46
\@tempa=\box47
\@tempa=\box48
\@tempa=\box49
\@tempa=\box50
\@tempa=\box51
\@tempa=\box52
\@tempa=\box53
\c@columnbadness=\count118
\c@finalcolumnbadness=\count119
\last@try=\dimen122
\multicolovershoot=\dimen123
\multicolundershoot=\dimen124
\mult@nat@firstbox=\box54
\colbreak@box=\box55
\multicol@sort@counter=\count120
)
(/usr/share/texlive/texmf-dist/tex/latex/tools/dcolumn.sty
Package: dcolumn 2001/05/28 v1.06 decimal alignment package (DPC)

(/usr/share/texlive/texmf-dist/tex/latex/tools/array.sty
Package: array 2008/09/09 v2.4c Tabular extension package (FMi)
\col@sep=\dimen125
\extrarowheight=\dimen126
\NC@list=\toks17
\extratabsurround=\skip87
\backup@length=\skip88
))

Package array Warning: Column D is already defined on input line 2149.

) (/usr/share/texlive/texmf-dist/tex/latex/url/url.sty
\Urlmuskip=\muskip10
Package: url 2006/04/12  ver 3.3  Verb mode for urls, etc.
)
(/usr/share/texlive/texmf-dist/tex/latex/wrapfig/wrapfig.sty
\wrapoverhang=\dimen127
\WF@size=\dimen128
\c@WF@wrappedlines=\count121
\WF@box=\box56
\WF@everypar=\toks18
Package: wrapfig 2003/01/31  v 3.6
)
(/usr/share/texlive/texmf-dist/tex/latex/base/latexsym.sty
Package: latexsym 1998/08/17 v2.2e Standard LaTeX package (lasy symbols)
\symlasy=\mathgroup6
LaTeX Font Info:    Overwriting symbol font `lasy' in version `bold'
(Font)                  U/lasy/m/n --> U/lasy/b/n on input line 47.
)
(/usr/share/texlive/texmf-dist/tex/latex/arydshln/arydshln.sty
Package: arydshln 2004/08/31 v1.71 
\dashlinedash=\dimen129
\dashlinegap=\dimen130
\adl@box=\box57
\adl@height=\dimen131
\adl@heightsave=\dimen132
\adl@depth=\dimen133
\adl@depthsave=\dimen134
\adl@finaldepth=\dimen135
\adl@columns=\count122
\adl@ncol=\count123
\adl@currentcolumn=\count124
\adl@currentcolumnsave=\count125
\adl@totalheight=\count126
\adl@totalheightsave=\count127
\adl@dash=\count128
\adl@gap=\count129
\adl@cla=\count130
\adl@clb=\count131
\adl@everyvbox=\toks19
\adl@LTpagetotal=\dimen136
)
(/usr/share/texlive/texmf-dist/tex/latex/hyperref/hyperref.sty
Package: hyperref 2012/05/13 v6.82q Hypertext links for LaTeX

(/usr/share/texlive/texmf-dist/tex/generic/oberdiek/hobsub-hyperref.sty
Package: hobsub-hyperref 2012/05/28 v1.13 Bundle oberdiek, subset hyperref (HO)


(/usr/share/texlive/texmf-dist/tex/generic/oberdiek/hobsub-generic.sty
Package: hobsub-generic 2012/05/28 v1.13 Bundle oberdiek, subset generic (HO)
Package: hobsub 2012/05/28 v1.13 Construct package bundles (HO)
Package hobsub Info: Skipping package `infwarerr' (already loaded).
Package hobsub Info: Skipping package `ltxcmds' (already loaded).
Package: ifluatex 2010/03/01 v1.3 Provides the ifluatex switch (HO)
Package ifluatex Info: LuaTeX not detected.
Package: ifvtex 2010/03/01 v1.5 Detect VTeX and its facilities (HO)
Package ifvtex Info: VTeX not detected.
Package: intcalc 2007/09/27 v1.1 Expandable calculations with integers (HO)
Package: ifpdf 2011/01/30 v2.3 Provides the ifpdf switch (HO)
Package ifpdf Info: pdfTeX in PDF mode is detected.
Package: etexcmds 2011/02/16 v1.5 Avoid name clashes with e-TeX commands (HO)
Package etexcmds Info: Could not find \expanded.
(etexcmds)             That can mean that you are not using pdfTeX 1.50 or
(etexcmds)             that some package has redefined \expanded.
(etexcmds)             In the latter case, load this package earlier.
Package: kvsetkeys 2012/04/25 v1.16 Key value parser (HO)
Package: kvdefinekeys 2011/04/07 v1.3 Define keys (HO)
Package: pdftexcmds 2011/11/29 v0.20 Utility functions of pdfTeX for LuaTeX (HO
)
Package pdftexcmds Info: LuaTeX not detected.
Package pdftexcmds Info: \pdf@primitive is available.
Package pdftexcmds Info: \pdf@ifprimitive is available.
Package pdftexcmds Info: \pdfdraftmode found.
Package: pdfescape 2011/11/25 v1.13 Implements pdfTeX's escape features (HO)
Package: bigintcalc 2012/04/08 v1.3 Expandable calculations on big integers (HO
)
Package: bitset 2011/01/30 v1.1 Handle bit-vector datatype (HO)
Package: uniquecounter 2011/01/30 v1.2 Provide unlimited unique counter (HO)
)
Package hobsub Info: Skipping package `hobsub' (already loaded).
Package: letltxmacro 2010/09/02 v1.4 Let assignment for LaTeX macros (HO)
Package: hopatch 2012/05/28 v1.2 Wrapper for package hooks (HO)
Package: xcolor-patch 2011/01/30 xcolor patch
Package: atveryend 2011/06/30 v1.8 Hooks at the very end of document (HO)
Package: atbegshi 2011/10/05 v1.16 At begin shipout hook (HO)
Package: refcount 2011/10/16 v3.4 Data extraction from label references (HO)
Package: hycolor 2011/01/30 v1.7 Color options for hyperref/bookmark (HO)
)
(/usr/share/texlive/texmf-dist/tex/generic/ifxetex/ifxetex.sty
Package: ifxetex 2010/09/12 v0.6 Provides ifxetex conditional
)
(/usr/share/texlive/texmf-dist/tex/latex/oberdiek/kvoptions.sty
Package: kvoptions 2011/06/30 v3.11 Key value format for package options (HO)
)
\@linkdim=\dimen137
\Hy@linkcounter=\count132
\Hy@pagecounter=\count133

(/usr/share/texlive/texmf-dist/tex/latex/hyperref/pd1enc.def
File: pd1enc.def 2012/05/13 v6.82q Hyperref: PDFDocEncoding definition (HO)
)
\Hy@SavedSpaceFactor=\count134

(/usr/share/texlive/texmf-dist/tex/latex/latexconfig/hyperref.cfg
File: hyperref.cfg 2002/06/06 v1.2 hyperref configuration of TeXLive
)
Package hyperref Info: Hyper figures OFF on input line 4062.
Package hyperref Info: Link nesting OFF on input line 4067.
Package hyperref Info: Hyper index ON on input line 4070.
Package hyperref Info: Plain pages OFF on input line 4077.
Package hyperref Info: Backreferencing OFF on input line 4082.
Package hyperref Info: Implicit mode ON; LaTeX internals redefined.
Package hyperref Info: Bookmarks ON on input line 4300.
\c@Hy@tempcnt=\count135
LaTeX Info: Redefining \url on input line 4653.
\Fld@menulength=\count136
\Field@Width=\dimen138
\Fld@charsize=\dimen139
Package hyperref Info: Hyper figures OFF on input line 5773.
Package hyperref Info: Link nesting OFF on input line 5778.
Package hyperref Info: Hyper index ON on input line 5781.
Package hyperref Info: backreferencing OFF on input line 5788.
Package hyperref Info: Link coloring OFF on input line 5793.
Package hyperref Info: Link coloring with OCG OFF on input line 5798.
Package hyperref Info: PDF/A mode OFF on input line 5803.
LaTeX Info: Redefining \ref on input line 5843.
LaTeX Info: Redefining \pageref on input line 5847.
\Hy@abspage=\count137
\c@Item=\count138
\c@Hfootnote=\count139
)

Package hyperref Message: Driver (autodetected): hpdftex.

(/usr/share/texlive/texmf-dist/tex/latex/hyperref/hpdftex.def
File: hpdftex.def 2012/05/13 v6.82q Hyperref driver for pdfTeX
\Fld@listcount=\count140
\c@bookmark@seq@number=\count141

(/usr/share/texlive/texmf-dist/tex/latex/oberdiek/rerunfilecheck.sty
Package: rerunfilecheck 2011/04/15 v1.7 Rerun checks for auxiliary files (HO)
Package uniquecounter Info: New unique counter `rerunfilecheck' on input line 2
82.
)
\Hy@SectionHShift=\skip89
)

LaTeX Warning: Unused global option(s):
    [fullname].

(./camera_ready.aux)
\openout1 = `camera_ready.aux'.

\openout3 = `camera_ready.qry'.

LaTeX Font Info:    Checking defaults for OML/cmm/m/it on input line 33.
LaTeX Font Info:    ... okay on input line 33.
LaTeX Font Info:    Checking defaults for T1/cmr/m/n on input line 33.
LaTeX Font Info:    ... okay on input line 33.
LaTeX Font Info:    Checking defaults for OT1/cmr/m/n on input line 33.
LaTeX Font Info:    ... okay on input line 33.
LaTeX Font Info:    Checking defaults for OMS/cmsy/m/n on input line 33.
LaTeX Font Info:    ... okay on input line 33.
LaTeX Font Info:    Checking defaults for OMX/cmex/m/n on input line 33.
LaTeX Font Info:    ... okay on input line 33.
LaTeX Font Info:    Checking defaults for U/cmr/m/n on input line 33.
LaTeX Font Info:    ... okay on input line 33.
LaTeX Font Info:    Checking defaults for TS1/cmr/m/n on input line 33.
LaTeX Font Info:    Try loading font information for TS1+cmr on input line 33.
 (/usr/share/texlive/texmf-dist/tex/latex/base/ts1cmr.fd
File: ts1cmr.fd 1999/05/25 v2.5h Standard LaTeX font definitions
)
LaTeX Font Info:    ... okay on input line 33.
LaTeX Font Info:    Checking defaults for PD1/pdf/m/n on input line 33.
LaTeX Font Info:    ... okay on input line 33.
LaTeX Font Info:    Try loading font information for T1+ppl on input line 33.

(/usr/share/texlive/texmf-dist/tex/latex/psnfss/t1ppl.fd
File: t1ppl.fd 2001/06/04 font definitions for T1/ppl.
)
(/usr/share/texlive/texmf-dist/tex/context/base/supp-pdf.mkii
[Loading MPS to PDF converter (version 2006.09.02).]
\scratchcounter=\count142
\scratchdimen=\dimen140
\scratchbox=\box58
\nofMPsegments=\count143
\nofMParguments=\count144
\everyMPshowfont=\toks20
\MPscratchCnt=\count145
\MPscratchDim=\dimen141
\MPnumerator=\count146
\makeMPintoPDFobject=\count147
\everyMPtoPDFconversion=\toks21
) (/usr/share/texlive/texmf-dist/tex/latex/oberdiek/epstopdf-base.sty
Package: epstopdf-base 2010/02/09 v2.5 Base part for package epstopdf

(/usr/share/texlive/texmf-dist/tex/latex/oberdiek/grfext.sty
Package: grfext 2010/08/19 v1.1 Manage graphics extensions (HO)
)
Package grfext Info: Graphics extension search list:
(grfext)             [.png,.pdf,.jpg,.mps,.jpeg,.jbig2,.jb2,.PNG,.PDF,.JPG,.JPE
G,.JBIG2,.JB2,.eps]
(grfext)             \AppendGraphicsExtensions on input line 452.

(/usr/share/texlive/texmf-dist/tex/latex/latexconfig/epstopdf-sys.cfg
File: epstopdf-sys.cfg 2010/07/13 v1.3 Configuration of (r)epstopdf for TeX Liv
e
))
\symitgreek=\mathgroup7
LaTeX Font Info:    Overwriting symbol font `itgreek' in version `normal'
(Font)                  OML/zplmr7m/m/n --> OML/pns/m/n on input line 33.
\AtBeginShipoutBox=\box59


Package hyperref Warning: Height of page (\paperheight) is invalid (0.0pt),
(hyperref)                using 11in.

Package hyperref Info: Link coloring OFF on input line 33.
(/usr/share/texlive/texmf-dist/tex/latex/hyperref/nameref.sty
Package: nameref 2010/04/30 v2.40 Cross-referencing by name of section

(/usr/share/texlive/texmf-dist/tex/generic/oberdiek/gettitlestring.sty
Package: gettitlestring 2010/12/03 v1.4 Cleanup title references (HO)
)
\c@section@level=\count148
)
LaTeX Info: Redefining \ref on input line 33.
LaTeX Info: Redefining \pageref on input line 33.
LaTeX Info: Redefining \nameref on input line 33.

(./camera_ready.out) (./camera_ready.out)
\@outlinefile=\write4
\openout4 = `camera_ready.out'.

LaTeX Font Info:    Font shape `T1/ppl/bx/n' in size <17> not available
(Font)              Font shape `T1/ppl/b/n' tried instead on input line 58.
LaTeX Font Info:    Try loading font information for U+msa on input line 58.

(/usr/share/texlive/texmf-dist/tex/latex/amsfonts/umsa.fd
File: umsa.fd 2009/06/22 v3.00 AMS symbols A
)
LaTeX Font Info:    Try loading font information for U+msb on input line 58.

(/usr/share/texlive/texmf-dist/tex/latex/amsfonts/umsb.fd
File: umsb.fd 2009/06/22 v3.00 AMS symbols B
)
LaTeX Font Info:    Try loading font information for U+lasy on input line 58.

(/usr/share/texlive/texmf-dist/tex/latex/base/ulasy.fd
File: ulasy.fd 1998/08/17 v2.2e LaTeX symbol font definitions
)
LaTeX Font Info:    Font shape `T1/ppl/bx/n' in size <16> not available
(Font)              Font shape `T1/ppl/b/n' tried instead on input line 58.
LaTeX Font Info:    Font shape `T1/ppl/bx/n' in size <10> not available
(Font)              Font shape `T1/ppl/b/n' tried instead on input line 63.


LaTeX Warning: Citation `finkelstein2001placing' on page 1 undefined on input l
ine 64.


LaTeX Warning: Citation `bruni2012distributional' on page 1 undefined on input 
line 64.


Underfull \vbox (badness 10000) has occurred while \output is active []


Underfull \vbox (badness 10000) has occurred while \output is active []


Underfull \vbox (badness 10000) has occurred while \output is active []


Underfull \vbox (badness 10000) has occurred while \output is active []


Overfull \vbox (42.0pt too high) has occurred while \output is active []


Overfull \vbox (42.0pt too high) has occurred while \output is active []


Overfull \vbox (722.7pt too high) has occurred while \output is active []


Overfull \vbox (37.5pt too high) has occurred while \output is active []


Underfull \vbox (badness 10000) has occurred while \output is active []


Overfull \vbox (659.52pt too high) has occurred while \output is active []

LaTeX Font Info:    Try loading font information for TS1+ppl on input line 66.

(/usr/share/texlive/texmf-dist/tex/latex/psnfss/ts1ppl.fd
File: ts1ppl.fd 2001/06/04 font definitions for TS1/ppl.
) [1

{/var/lib/texmf/fonts/map/pdftex/updmap/pdftex.map}]

LaTeX Warning: Citation `budanitsky2006evaluating' on page 2 undefined on input
 line 66.


LaTeX Warning: Citation `agirre2009study' on page 2 undefined on input line 66.



LaTeX Warning: Citation `hatzivassiloglou2001simfinder' on page 2 undefined on 
input line 66.


LaTeX Warning: Citation `turney2012domain' on page 2 undefined on input line 66
.


LaTeX Warning: Citation `tversky1977features' on page 2 undefined on input line
 66.


LaTeX Warning: Citation `cimiano2005learning' on page 2 undefined on input line
 68.


LaTeX Warning: Citation `biemann2005ontology' on page 2 undefined on input line
 68.


LaTeX Warning: Citation `li2006exploring' on page 2 undefined on input line 68.



LaTeX Warning: Citation `he2008indirect' on page 2 undefined on input line 68.


LaTeX Warning: Citation `marton2009improved' on page 2 undefined on input line 
68.


LaTeX Warning: Citation `collobert:2008' on page 2 undefined on input line 68.


LaTeX Warning: Citation `baroni2010distributional' on page 2 undefined on input
 line 68.

LaTeX Font Info:    Font shape `T1/ppl/bx/n' in size <8> not available
(Font)              Font shape `T1/ppl/b/n' tried instead on input line 70.

LaTeX Warning: Citation `huang2012improving' on page 2 undefined on input line 
70.


LaTeX Warning: Citation `reisinger2010multi' on page 2 undefined on input line 
70.


LaTeX Warning: Citation `medelyan2009mining' on page 2 undefined on input line 
70.


LaTeX Warning: Citation `li2014obtaining' on page 2 undefined on input line 70.



LaTeX Warning: Citation `rubenstein1965contextual' on page 2 undefined on input
 line 72.


LaTeX Warning: Citation `agirre2009study' on page 2 undefined on input line 72.



LaTeX Warning: Citation `yong1999case' on page 2 undefined on input line 72.


LaTeX Warning: Citation `cunningham2005information' on page 2 undefined on inpu
t line 72.


LaTeX Warning: Citation `resnik201011' on page 2 undefined on input line 72.

LaTeX Font Info:    Try loading font information for T1+pcr on input line 74.
(/usr/share/texlive/texmf-dist/tex/latex/psnfss/t1pcr.fd
File: t1pcr.fd 2001/06/04 font definitions for T1/pcr.
)

LaTeX Warning: Citation `gentner1978relational' on page 2 undefined on input li
ne 74.


LaTeX Warning: Citation `hill2013quantitative' on page 2 undefined on input lin
e 74.


Underfull \vbox (badness 10000) has occurred while \output is active []


Underfull \vbox (badness 10000) has occurred while \output is active []


Underfull \vbox (badness 10000) has occurred while \output is active []


Overfull \vbox (42.0pt too high) has occurred while \output is active []


Overfull \vbox (42.0pt too high) has occurred while \output is active []


Overfull \vbox (722.7pt too high) has occurred while \output is active []


Overfull \vbox (37.5pt too high) has occurred while \output is active []


Underfull \vbox (badness 10000) has occurred while \output is active []


Overfull \vbox (659.52pt too high) has occurred while \output is active []


[2]

LaTeX Warning: Citation `huang2012improving' on page 3 undefined on input line 
78.


LaTeX Warning: Citation `collobert:2008' on page 3 undefined on input line 78.


LaTeX Warning: Citation `mikolov2013efficient' on page 3 undefined on input lin
e 78.


LaTeX Warning: Citation `turney2010frequency' on page 3 undefined on input line
 78.


LaTeX Warning: Citation `landauer1997solution' on page 3 undefined on input lin
e 78.


LaTeX Warning: Citation `agirre2009study' on page 3 undefined on input line 82.



LaTeX Warning: Citation `levy2014dependency' on page 3 undefined on input line 
82.


LaTeX Warning: Citation `agirre2009study' on page 3 undefined on input line 82.



LaTeX Warning: Citation `kiela2014systematic' on page 3 undefined on input line
 82.


Underfull \vbox (badness 10000) has occurred while \output is active []


Underfull \vbox (badness 10000) has occurred while \output is active []


Underfull \vbox (badness 10000) has occurred while \output is active []


Overfull \vbox (42.0pt too high) has occurred while \output is active []


Overfull \vbox (42.0pt too high) has occurred while \output is active []


Overfull \vbox (722.7pt too high) has occurred while \output is active []


Overfull \vbox (37.5pt too high) has occurred while \output is active []


Underfull \vbox (badness 10000) has occurred while \output is active []


Overfull \vbox (659.52pt too high) has occurred while \output is active []


[3]

LaTeX Warning: Citation `plaut1995semantic' on page 4 undefined on input line 9
2.


LaTeX Warning: Citation `mcrae2012semantic' on page 4 undefined on input line 9
2.


LaTeX Warning: Citation `mcrae2012semantic' on page 4 undefined on input line 9
4.


LaTeX Warning: Citation `fellbaum1999wordnet' on page 4 undefined on input line
 96.


LaTeX Warning: Citation `wu1994verbs' on page 4 undefined on input line 96.


LaTeX Warning: Citation `wu1994verbs' on page 4 undefined on input line 96.


LaTeX Warning: Citation `nelson2004university' on page 4 undefined on input lin
e 96.

LaTeX Font Info:    Font shape `T1/ppl/bx/n' in size <9> not available
(Font)              Font shape `T1/ppl/b/n' tried instead on input line 110.

LaTeX Warning: Citation `he2008indirect' on page 4 undefined on input line 118.



LaTeX Warning: Citation `Haghighi2008Learning' on page 4 undefined on input lin
e 118.


LaTeX Warning: Citation `marton2009improved' on page 4 undefined on input line 
118.


LaTeX Warning: Citation `beltagysemantic' on page 4 undefined on input line 118
.


LaTeX Warning: Citation `navigli2009word' on page 4 undefined on input line 118
.


LaTeX Warning: Citation `phan2008learning' on page 4 undefined on input line 11
8.


LaTeX Warning: Citation `rose2002reuters' on page 4 undefined on input line 118
.


Underfull \vbox (badness 10000) has occurred while \output is active []


Underfull \vbox (badness 10000) has occurred while \output is active []


Underfull \vbox (badness 10000) has occurred while \output is active []


Underfull \vbox (badness 10000) has occurred while \output is active []


Overfull \vbox (42.0pt too high) has occurred while \output is active []


Overfull \vbox (42.0pt too high) has occurred while \output is active []


Overfull \vbox (722.7pt too high) has occurred while \output is active []


Overfull \vbox (37.5pt too high) has occurred while \output is active []


Underfull \vbox (badness 10000) has occurred while \output is active []


Overfull \vbox (659.52pt too high) has occurred while \output is active []


[4]

LaTeX Warning: Citation `huang2012improving' on page 5 undefined on input line 
120.


LaTeX Warning: Citation `reisinger2010multi' on page 5 undefined on input line 
120.


LaTeX Warning: Citation `luong2013better' on page 5 undefined on input line 120
.


LaTeX Warning: Citation `budanitsky2006evaluating' on page 5 undefined on input
 line 120.


LaTeX Warning: Citation `turney2012domain' on page 5 undefined on input line 12
0.


LaTeX Warning: Citation `agirre2009study' on page 5 undefined on input line 122
.


LaTeX Warning: Citation `agirre2009study' on page 5 undefined on input line 122
.


LaTeX Warning: Citation `andrews2009integrating' on page 5 undefined on input l
ine 124.


LaTeX Warning: Citation `kiela2014systematic' on page 5 undefined on input line
 124.


LaTeX Warning: Citation `levy2014dependency' on page 5 undefined on input line 
124.


Underfull \vbox (badness 1360) has occurred while \output is active []


Underfull \vbox (badness 10000) has occurred while \output is active []


Underfull \vbox (badness 10000) has occurred while \output is active []


Underfull \vbox (badness 10000) has occurred while \output is active []


Overfull \vbox (42.0pt too high) has occurred while \output is active []


Overfull \vbox (42.0pt too high) has occurred while \output is active []


Overfull \vbox (722.7pt too high) has occurred while \output is active []


Overfull \vbox (37.5pt too high) has occurred while \output is active []


Underfull \vbox (badness 10000) has occurred while \output is active []


Overfull \vbox (659.52pt too high) has occurred while \output is active []


[5]

LaTeX Warning: Citation `agirre2009study' on page 6 undefined on input line 128
.


LaTeX Warning: Citation `levy2014dependency' on page 6 undefined on input line 
128.


LaTeX Warning: Citation `agirre2009study' on page 6 undefined on input line 130
.


LaTeX Warning: Citation `kiela2014systematic' on page 6 undefined on input line
 130.


LaTeX Warning: Citation `gentner2006verbs' on page 6 undefined on input line 14
4.


LaTeX Warning: Citation `markman1997similar' on page 6 undefined on input line 
144.


LaTeX Warning: Citation `hill2014multi' on page 6 undefined on input line 144.


LaTeX Warning: Citation `paivio1991dual' on page 6 undefined on input line 148.



LaTeX Warning: Citation `hill2013quantitative' on page 6 undefined on input lin
e 148.


LaTeX Warning: Citation `hill2013concreteness' on page 6 undefined on input lin
e 148.


LaTeX Warning: Citation `kielaimproving' on page 6 undefined on input line 148.



Underfull \vbox (badness 10000) has occurred while \output is active []


Underfull \vbox (badness 10000) has occurred while \output is active []


Underfull \vbox (badness 10000) has occurred while \output is active []


Overfull \vbox (42.0pt too high) has occurred while \output is active []


Overfull \vbox (42.0pt too high) has occurred while \output is active []


Overfull \vbox (722.7pt too high) has occurred while \output is active []


Overfull \vbox (37.5pt too high) has occurred while \output is active []


Underfull \vbox (badness 10000) has occurred while \output is active []


Overfull \vbox (659.52pt too high) has occurred while \output is active []


[6]

LaTeX Warning: Citation `finkelstein2001placing' on page 7 undefined on input l
ine 164.


LaTeX Warning: Citation `huang2012improving' on page 7 undefined on input line 
164.


LaTeX Warning: Citation `bansal2014tailoring' on page 7 undefined on input line
 164.


LaTeX Warning: Citation `collobert:2008' on page 7 undefined on input line 178.



LaTeX Warning: Citation `huang2012improving' on page 7 undefined on input line 
178.


LaTeX Warning: Citation `huang2012improving' on page 7 undefined on input line 
178.


LaTeX Warning: Citation `pado2007flexible' on page 7 undefined on input line 17
8.


LaTeX Warning: Citation `reisinger2010mixture' on page 7 undefined on input lin
e 178.


LaTeX Warning: Citation `silberer2014learning' on page 7 undefined on input lin
e 178.


LaTeX Warning: Citation `yong1999case' on page 7 undefined on input line 180.


LaTeX Warning: Citation `cunningham2005information' on page 7 undefined on inpu
t line 180.


LaTeX Warning: Citation `resnik201011' on page 7 undefined on input line 180.


LaTeX Warning: Citation `alfonseca2002extending' on page 7 undefined on input l
ine 180.


LaTeX Warning: Citation `agirre2009study' on page 7 undefined on input line 182
.


Underfull \vbox (badness 10000) has occurred while \output is active []


Underfull \vbox (badness 10000) has occurred while \output is active []


Underfull \vbox (badness 10000) has occurred while \output is active []


Overfull \vbox (42.0pt too high) has occurred while \output is active []


Overfull \vbox (42.0pt too high) has occurred while \output is active []


Overfull \vbox (722.7pt too high) has occurred while \output is active []


Overfull \vbox (37.5pt too high) has occurred while \output is active []


Underfull \vbox (badness 10000) has occurred while \output is active []


Overfull \vbox (659.52pt too high) has occurred while \output is active []


[7]

LaTeX Warning: Citation `agirre2009study' on page 8 undefined on input line 184
.


LaTeX Warning: Citation `agirre2009study' on page 8 undefined on input line 186
.


LaTeX Warning: Citation `hassan2011semantic' on page 8 undefined on input line 
188.


LaTeX Warning: Citation `rubenstein1965contextual' on page 8 undefined on input
 line 188.


LaTeX Warning: Citation `bruni2012distributional' on page 8 undefined on input 
line 190.


LaTeX Warning: Citation `bruni2012distributional2' on page 8 undefined on input
 line 190.


LaTeX Warning: Citation `bernardi2013relatedness' on page 8 undefined on input 
line 190.


LaTeX Warning: Citation `bruni2012distributional' on page 8 undefined on input 
line 192.


LaTeX Warning: Citation `landauer1997solution' on page 8 undefined on input lin
e 194.


LaTeX Warning: Citation `griffiths2007topics' on page 8 undefined on input line
 194.


LaTeX Warning: Citation `turney2010frequency' on page 8 undefined on input line
 194.


Underfull \vbox (badness 10000) has occurred while \output is active []


Underfull \vbox (badness 10000) has occurred while \output is active []


Underfull \vbox (badness 10000) has occurred while \output is active []


Overfull \vbox (42.0pt too high) has occurred while \output is active []


Overfull \vbox (42.0pt too high) has occurred while \output is active []


Overfull \vbox (722.7pt too high) has occurred while \output is active []


Overfull \vbox (37.5pt too high) has occurred while \output is active []


Underfull \vbox (badness 10000) has occurred while \output is active []


Overfull \vbox (659.52pt too high) has occurred while \output is active []


[8]

LaTeX Warning: Citation `leech1994claws4' on page 9 undefined on input line 210
.


LaTeX Warning: Citation `fellbaum1999wordnet' on page 9 undefined on input line
 212.


LaTeX Warning: Citation `hill2014multi' on page 9 undefined on input line 214.


LaTeX Warning: Citation `kielaimproving' on page 9 undefined on input line 214.



Underfull \vbox (badness 6461) has occurred while \output is active []


Underfull \vbox (badness 10000) has occurred while \output is active []


Underfull \vbox (badness 10000) has occurred while \output is active []


Underfull \vbox (badness 10000) has occurred while \output is active []


Overfull \vbox (42.0pt too high) has occurred while \output is active []


Overfull \vbox (42.0pt too high) has occurred while \output is active []


Overfull \vbox (722.7pt too high) has occurred while \output is active []


Overfull \vbox (37.5pt too high) has occurred while \output is active []


Underfull \vbox (badness 10000) has occurred while \output is active []


Overfull \vbox (659.52pt too high) has occurred while \output is active []


[9] <Figure_1_CL.pdf, id=93, 794.97pt x 289.08pt>
File: Figure_1_CL.pdf Graphic file (type pdf)
 <use Figure_1_CL.pdf>
Package pdftex.def Info: Figure_1_CL.pdf used on input line 216.
(pdftex.def)             Requested size: 384.0pt x 139.639pt.

Underfull \vbox (badness 10000) has occurred while \output is active []


Underfull \vbox (badness 10000) has occurred while \output is active []


Underfull \vbox (badness 10000) has occurred while \output is active []


Overfull \vbox (42.0pt too high) has occurred while \output is active []


Overfull \vbox (42.0pt too high) has occurred while \output is active []


Overfull \vbox (722.7pt too high) has occurred while \output is active []


Overfull \vbox (37.5pt too high) has occurred while \output is active []


Underfull \vbox (badness 10000) has occurred while \output is active []


Overfull \vbox (659.52pt too high) has occurred while \output is active []


[10 <./Figure_1_CL.pdf>]
<screenshot1_CL.png, id=110, 1153.30875pt x 689.57625pt>
File: screenshot1_CL.png Graphic file (type png)

<use screenshot1_CL.png>
Package pdftex.def Info: screenshot1_CL.png used on input line 228.
(pdftex.def)             Requested size: 384.0pt x 229.60214pt.
 <screenshot2_CL.png, id=111, 602.25pt x 488.82625pt>
File: screenshot2_CL.png Graphic file (type png)

<use screenshot2_CL.png>
Package pdftex.def Info: screenshot2_CL.png used on input line 238.
(pdftex.def)             Requested size: 192.0pt x 155.83833pt.

Underfull \vbox (badness 10000) has occurred while \output is active []


Underfull \vbox (badness 10000) has occurred while \output is active []


Underfull \vbox (badness 10000) has occurred while \output is active []


Underfull \vbox (badness 10000) has occurred while \output is active []


Overfull \vbox (42.0pt too high) has occurred while \output is active []


Overfull \vbox (42.0pt too high) has occurred while \output is active []


Overfull \vbox (722.7pt too high) has occurred while \output is active []


Overfull \vbox (37.5pt too high) has occurred while \output is active []


Underfull \vbox (badness 10000) has occurred while \output is active []


Overfull \vbox (659.52pt too high) has occurred while \output is active []


[11 <./screenshot1_CL.png>]

Package wrapfig Warning: Stationary wrapfigure forced to float on input line 25
0.


LaTeX Warning: Citation `huang2012improving' on page 12 undefined on input line
 252.


Underfull \hbox (badness 6047) in paragraph at lines 252--253
[]\T1/ppl/m/n/10 As with MEN, WS-353 and RG,
 []


Underfull \hbox (badness 1137) in paragraph at lines 252--253
\T1/ppl/m/n/10 eval-u-a-tion con-structed by \T1/ppl/b/n/10 ?\T1/ppl/m/n/10 , w
ords
 []


LaTeX Warning: Citation `resnik1995using' on page 12 undefined on input line 25
4.


LaTeX Warning: Citation `pedersen2004wordnet' on page 12 undefined on input lin
e 254.


Underfull \vbox (badness 10000) has occurred while \output is active []


Underfull \vbox (badness 10000) has occurred while \output is active []


Underfull \vbox (badness 10000) has occurred while \output is active []


Overfull \vbox (42.0pt too high) has occurred while \output is active []


Overfull \vbox (42.0pt too high) has occurred while \output is active []


Overfull \vbox (722.7pt too high) has occurred while \output is active []


Overfull \vbox (37.5pt too high) has occurred while \output is active []


Underfull \vbox (badness 10000) has occurred while \output is active []


Overfull \vbox (659.52pt too high) has occurred while \output is active []


[12 <./screenshot2_CL.png>]
Underfull \vbox (badness 10000) has occurred while \output is active []


Underfull \vbox (badness 10000) has occurred while \output is active []


Underfull \vbox (badness 10000) has occurred while \output is active []


Overfull \vbox (42.0pt too high) has occurred while \output is active []


Overfull \vbox (42.0pt too high) has occurred while \output is active []


Overfull \vbox (722.7pt too high) has occurred while \output is active []


Overfull \vbox (37.5pt too high) has occurred while \output is active []


Underfull \vbox (badness 10000) has occurred while \output is active []


Overfull \vbox (659.52pt too high) has occurred while \output is active []


[13] <Figure_1A_CL.pdf, id=138, 794.97pt x 289.08pt>
File: Figure_1A_CL.pdf Graphic file (type pdf)
 <use Figure_1A_CL.pdf>
Package pdftex.def Info: Figure_1A_CL.pdf used on input line 278.
(pdftex.def)             Requested size: 384.0pt x 139.639pt.


LaTeX Warning: Citation `pado2007flexible' on page 14 undefined on input line 2
80.


LaTeX Warning: Citation `reisinger2010mixture' on page 14 undefined on input li
ne 280.


LaTeX Warning: Citation `silberer2014learning' on page 14 undefined on input li
ne 280.


LaTeX Warning: Citation `bruni2012distributional2' on page 14 undefined on inpu
t line 280.


LaTeX Warning: Citation `paivio1991dual' on page 14 undefined on input line 284
.


Underfull \vbox (badness 10000) has occurred while \output is active []


Underfull \vbox (badness 10000) has occurred while \output is active []


Underfull \vbox (badness 10000) has occurred while \output is active []


Overfull \vbox (42.0pt too high) has occurred while \output is active []


Overfull \vbox (42.0pt too high) has occurred while \output is active []


Overfull \vbox (722.7pt too high) has occurred while \output is active []


Overfull \vbox (37.5pt too high) has occurred while \output is active []


Underfull \vbox (badness 10000) has occurred while \output is active []


Overfull \vbox (659.52pt too high) has occurred while \output is active []


[14 <./Figure_1A_CL.pdf>]

LaTeX Warning: Citation `williams2009predicting' on page 15 undefined on input 
line 288.


LaTeX Warning: Citation `wiebe2000learning' on page 15 undefined on input line 
288.


Overfull \hbox (22.86676pt too wide) in paragraph at lines 298--324
 [] 
 []

<Figure_6_CL.pdf, id=157, 794.97pt x 361.35pt>
File: Figure_6_CL.pdf Graphic file (type pdf)
 <use Figure_6_CL.pdf>
Package pdftex.def Info: Figure_6_CL.pdf used on input line 326.
(pdftex.def)             Requested size: 384.0pt x 174.54878pt.


LaTeX Warning: Citation `agirre2009study' on page 15 undefined on input line 33
4.


Underfull \vbox (badness 10000) has occurred while \output is active []


Underfull \vbox (badness 10000) has occurred while \output is active []


Underfull \vbox (badness 10000) has occurred while \output is active []


Overfull \vbox (42.0pt too high) has occurred while \output is active []


Overfull \vbox (42.0pt too high) has occurred while \output is active []


Overfull \vbox (722.7pt too high) has occurred while \output is active []


Overfull \vbox (37.5pt too high) has occurred while \output is active []


Underfull \vbox (badness 10000) has occurred while \output is active []


Overfull \vbox (659.52pt too high) has occurred while \output is active []


[15]

LaTeX Warning: Citation `cruse1986lexical' on page 16 undefined on input line 3
43.


LaTeX Warning: Citation `levysupervised' on page 16 undefined on input line 345
.


LaTeX Warning: Citation `rosch1976structural' on page 16 undefined on input lin
e 345.


Underfull \vbox (badness 5374) has occurred while \output is active []


Underfull \vbox (badness 10000) has occurred while \output is active []


Underfull \vbox (badness 10000) has occurred while \output is active []


Underfull \vbox (badness 10000) has occurred while \output is active []


Overfull \vbox (42.0pt too high) has occurred while \output is active []


Overfull \vbox (42.0pt too high) has occurred while \output is active []


Overfull \vbox (722.7pt too high) has occurred while \output is active []


Overfull \vbox (37.5pt too high) has occurred while \output is active []


Underfull \vbox (badness 10000) has occurred while \output is active []


Overfull \vbox (659.52pt too high) has occurred while \output is active []


[16 <./Figure_6_CL.pdf>]
<simlex_relations_CL.pdf, id=177, 1111.15125pt x 370.38374pt>
File: simlex_relations_CL.pdf Graphic file (type pdf)

<use simlex_relations_CL.pdf>
Package pdftex.def Info: simlex_relations_CL.pdf used on input line 353.
(pdftex.def)             Requested size: 384.0pt x 127.99728pt.


LaTeX Warning: Citation `baroni2014don' on page 17 undefined on input line 357.



LaTeX Warning: Citation `bengio2003' on page 17 undefined on input line 357.


Underfull \vbox (badness 10000) has occurred while \output is active []


Underfull \vbox (badness 10000) has occurred while \output is active []


Underfull \vbox (badness 10000) has occurred while \output is active []


Underfull \vbox (badness 10000) has occurred while \output is active []


Overfull \vbox (42.0pt too high) has occurred while \output is active []


Overfull \vbox (42.0pt too high) has occurred while \output is active []


Overfull \vbox (722.7pt too high) has occurred while \output is active []


Overfull \vbox (37.5pt too high) has occurred while \output is active []


Underfull \vbox (badness 10000) has occurred while \output is active []


Overfull \vbox (659.52pt too high) has occurred while \output is active []


[17 <./simlex_relations_CL.pdf>]

LaTeX Warning: Citation `collobert:2008' on page 18 undefined on input line 363
.


LaTeX Warning: Citation `turian2010word' on page 18 undefined on input line 367
.


LaTeX Warning: Citation `collobert:2008' on page 18 undefined on input line 367
.


LaTeX Warning: Citation `lewis2004rcv1' on page 18 undefined on input line 367.



LaTeX Warning: Citation `huang2012improving' on page 18 undefined on input line
 371.


LaTeX Warning: Citation `collobert:2008' on page 18 undefined on input line 371
.


LaTeX Warning: Citation `collobert:2008' on page 18 undefined on input line 371
.


Underfull \vbox (badness 10000) has occurred while \output is active []


Underfull \vbox (badness 10000) has occurred while \output is active []


Underfull \vbox (badness 10000) has occurred while \output is active []


Overfull \vbox (42.0pt too high) has occurred while \output is active []


Overfull \vbox (42.0pt too high) has occurred while \output is active []


Overfull \vbox (722.7pt too high) has occurred while \output is active []


Overfull \vbox (37.5pt too high) has occurred while \output is active []


Underfull \vbox (badness 10000) has occurred while \output is active []


Overfull \vbox (659.52pt too high) has occurred while \output is active []


[18]

LaTeX Warning: Citation `mikolov2013efficient' on page 19 undefined on input li
ne 379.


LaTeX Warning: Citation `mikolov2013efficient' on page 19 undefined on input li
ne 379.


LaTeX Warning: Citation `mikolov2013distributed' on page 19 undefined on input 
line 379.


Underfull \vbox (badness 10000) has occurred while \output is active []


Underfull \vbox (badness 10000) has occurred while \output is active []


Underfull \vbox (badness 10000) has occurred while \output is active []


Overfull \vbox (42.0pt too high) has occurred while \output is active []


Overfull \vbox (42.0pt too high) has occurred while \output is active []


Overfull \vbox (722.7pt too high) has occurred while \output is active []


Overfull \vbox (37.5pt too high) has occurred while \output is active []


Underfull \vbox (badness 10000) has occurred while \output is active []


Overfull \vbox (659.52pt too high) has occurred while \output is active []


[19]

LaTeX Warning: Citation `kiela2014systematic' on page 20 undefined on input lin
e 397.


LaTeX Warning: Citation `bird2006nltk' on page 20 undefined on input line 397.


LaTeX Warning: Citation `recchia2009more' on page 20 undefined on input line 39
7.


LaTeX Warning: Citation `landauer1997solution' on page 20 undefined on input li
ne 399.


LaTeX Warning: Citation `golub1970singular' on page 20 undefined on input line 
399.

<Figure_2A_CL.pdf, id=252, 794.97pt x 289.08pt>
File: Figure_2A_CL.pdf Graphic file (type pdf)
 <use Figure_2A_CL.pdf>
Package pdftex.def Info: Figure_2A_CL.pdf used on input line 412.
(pdftex.def)             Requested size: 384.00731pt x 142.26357pt.


LaTeX Warning: Citation `mikolov2013efficient' on page 20 undefined on input li
ne 412.


LaTeX Warning: Citation `huang2012improving' on page 20 undefined on input line
 412.


LaTeX Warning: Citation `collobert:2008' on page 20 undefined on input line 412
.

<Figure_2B_CL.pdf, id=253, 794.97pt x 289.08pt>
File: Figure_2B_CL.pdf Graphic file (type pdf)
 <use Figure_2B_CL.pdf>
Package pdftex.def Info: Figure_2B_CL.pdf used on input line 414.
(pdftex.def)             Requested size: 384.00731pt x 142.26357pt.


LaTeX Warning: Citation `lewis2004rcv1' on page 20 undefined on input line 414.



LaTeX Warning: Citation `huang2012improving' on page 20 undefined on input line
 416.


LaTeX Warning: Citation `huang2012improving' on page 20 undefined on input line
 416.


LaTeX Warning: Citation `huang2012improving' on page 20 undefined on input line
 416.


LaTeX Warning: Citation `huang2012improving' on page 20 undefined on input line
 416.


LaTeX Warning: Citation `collobert:2008' on page 20 undefined on input line 416
.


LaTeX Warning: Citation `mikolov2013efficient' on page 20 undefined on input li
ne 416.


LaTeX Warning: Citation `mikolov2013efficient' on page 20 undefined on input li
ne 418.


LaTeX Warning: Citation `lewis2004rcv1' on page 20 undefined on input line 418.



LaTeX Warning: Citation `baroni2014don' on page 20 undefined on input line 418.



Underfull \vbox (badness 10000) has occurred while \output is active []


Underfull \vbox (badness 10000) has occurred while \output is active []


Underfull \vbox (badness 10000) has occurred while \output is active []


Overfull \vbox (42.0pt too high) has occurred while \output is active []


Overfull \vbox (42.0pt too high) has occurred while \output is active []


Overfull \vbox (722.7pt too high) has occurred while \output is active []


Overfull \vbox (37.5pt too high) has occurred while \output is active []


Underfull \vbox (badness 10000) has occurred while \output is active []


Overfull \vbox (659.52pt too high) has occurred while \output is active []


[20]

LaTeX Warning: Citation `huang2012improving' on page 21 undefined on input line
 420.


LaTeX Warning: Citation `collobert:2008' on page 21 undefined on input line 420
.


Underfull \vbox (badness 10000) has occurred while \output is active []


Underfull \vbox (badness 10000) has occurred while \output is active []


Underfull \vbox (badness 10000) has occurred while \output is active []


Overfull \vbox (42.0pt too high) has occurred while \output is active []


Overfull \vbox (42.0pt too high) has occurred while \output is active []


Overfull \vbox (722.7pt too high) has occurred while \output is active []


Overfull \vbox (37.5pt too high) has occurred while \output is active []


Underfull \vbox (badness 10000) has occurred while \output is active []


Overfull \vbox (659.52pt too high) has occurred while \output is active []


[21 <./Figure_2A_CL.pdf> <./Figure_2B_CL.pdf>]

LaTeX Warning: Citation `collobert:2008' on page 22 undefined on input line 428
.


LaTeX Warning: Citation `huang2012improving' on page 22 undefined on input line
 428.


LaTeX Warning: No positions in optional float specifier.
               Default added (so using `tbp') on input line 430.

<Figure_3A_CL.pdf, id=289, 794.97pt x 289.08pt>
File: Figure_3A_CL.pdf Graphic file (type pdf)
 <use Figure_3A_CL.pdf>
Package pdftex.def Info: Figure_3A_CL.pdf used on input line 430.
(pdftex.def)             Requested size: 384.00731pt x 142.26357pt.


LaTeX Warning: Citation `mikolov2013efficient' on page 22 undefined on input li
ne 430.


LaTeX Warning: No positions in optional float specifier.
               Default added (so using `tbp') on input line 432.

<Figure_3B_CL.pdf, id=290, 794.97pt x 289.08pt>
File: Figure_3B_CL.pdf Graphic file (type pdf)
 <use Figure_3B_CL.pdf>
Package pdftex.def Info: Figure_3B_CL.pdf used on input line 432.
(pdftex.def)             Requested size: 384.00731pt x 142.26357pt.

Underfull \vbox (badness 10000) has occurred while \output is active []


Underfull \vbox (badness 10000) has occurred while \output is active []


Underfull \vbox (badness 10000) has occurred while \output is active []


Overfull \vbox (42.0pt too high) has occurred while \output is active []


Overfull \vbox (42.0pt too high) has occurred while \output is active []


Overfull \vbox (722.7pt too high) has occurred while \output is active []


Overfull \vbox (37.5pt too high) has occurred while \output is active []


Underfull \vbox (badness 10000) has occurred while \output is active []


Overfull \vbox (659.52pt too high) has occurred while \output is active []


[22 <./Figure_3A_CL.pdf>]

LaTeX Warning: Citation `levy2014dependency' on page 23 undefined on input line
 436.


LaTeX Warning: Citation `mikolov2013efficient' on page 23 undefined on input li
ne 436.


LaTeX Warning: No positions in optional float specifier.
               Default added (so using `tbp') on input line 440.

<Figure_5_CL.pdf, id=306, 794.97pt x 289.08pt>
File: Figure_5_CL.pdf Graphic file (type pdf)
 <use Figure_5_CL.pdf>
Package pdftex.def Info: Figure_5_CL.pdf used on input line 440.
(pdftex.def)             Requested size: 384.00731pt x 142.26357pt.


LaTeX Warning: No positions in optional float specifier.
               Default added (so using `tbp') on input line 442.

<New_Figure_2_CL.pdf, id=307, 948.54375pt x 370.38374pt>
File: New_Figure_2_CL.pdf Graphic file (type pdf)

<use New_Figure_2_CL.pdf>
Package pdftex.def Info: New_Figure_2_CL.pdf used on input line 442.
(pdftex.def)             Requested size: 383.9989pt x 142.2619pt.


LaTeX Warning: Citation `mikolov2013efficient' on page 23 undefined on input li
ne 448.


Underfull \vbox (badness 10000) has occurred while \output is active []


Underfull \vbox (badness 10000) has occurred while \output is active []


Underfull \vbox (badness 10000) has occurred while \output is active []


Overfull \vbox (42.0pt too high) has occurred while \output is active []


Overfull \vbox (42.0pt too high) has occurred while \output is active []


Overfull \vbox (722.7pt too high) has occurred while \output is active []


Overfull \vbox (37.5pt too high) has occurred while \output is active []


Underfull \vbox (badness 10000) has occurred while \output is active []


Overfull \vbox (659.52pt too high) has occurred while \output is active []


[23 <./Figure_3B_CL.pdf> <./Figure_5_CL.pdf>]

LaTeX Warning: Citation `levy2014dependency' on page 24 undefined on input line
 452.


LaTeX Warning: Citation `mikolov2013efficient' on page 24 undefined on input li
ne 452.


LaTeX Warning: Citation `markman1997similar' on page 24 undefined on input line
 452.


LaTeX Warning: Citation `sun2008verb' on page 24 undefined on input line 452.

<Figure_4_CL.pdf, id=328, 794.97pt x 289.08pt>
File: Figure_4_CL.pdf Graphic file (type pdf)
 <use Figure_4_CL.pdf>
Package pdftex.def Info: Figure_4_CL.pdf used on input line 458.
(pdftex.def)             Requested size: 384.00731pt x 142.26357pt.

Underfull \vbox (badness 10000) has occurred while \output is active []


Underfull \vbox (badness 10000) has occurred while \output is active []


Underfull \vbox (badness 10000) has occurred while \output is active []


Underfull \vbox (badness 10000) has occurred while \output is active []


Overfull \vbox (42.0pt too high) has occurred while \output is active []


Overfull \vbox (42.0pt too high) has occurred while \output is active []


Overfull \vbox (722.7pt too high) has occurred while \output is active []


Overfull \vbox (37.5pt too high) has occurred while \output is active []


Underfull \vbox (badness 10000) has occurred while \output is active []


Overfull \vbox (659.52pt too high) has occurred while \output is active []


[24 <./New_Figure_2_CL.pdf>]

LaTeX Warning: Citation `hill2013concreteness' on page 25 undefined on input li
ne 465.


Underfull \vbox (badness 10000) has occurred while \output is active []


Underfull \vbox (badness 10000) has occurred while \output is active []


Underfull \vbox (badness 10000) has occurred while \output is active []


Underfull \vbox (badness 10000) has occurred while \output is active []


Overfull \vbox (42.0pt too high) has occurred while \output is active []


Overfull \vbox (42.0pt too high) has occurred while \output is active []


Overfull \vbox (722.7pt too high) has occurred while \output is active []


Overfull \vbox (37.5pt too high) has occurred while \output is active []


Underfull \vbox (badness 10000) has occurred while \output is active []


Overfull \vbox (659.52pt too high) has occurred while \output is active []


[25 <./Figure_4_CL.pdf>]

LaTeX Warning: Citation `gershmanmetaphor' on page 26 undefined on input line 4
79.


LaTeX Warning: Citation `barsalou2003grounding' on page 26 undefined on input l
ine 479.


LaTeX Warning: Citation `firth1957papers' on page 26 undefined on input line 48
3.

(./camera_ready.bbl
Underfull \vbox (badness 10000) has occurred while \output is active []


Underfull \vbox (badness 10000) has occurred while \output is active []


Underfull \vbox (badness 10000) has occurred while \output is active []


Underfull \vbox (badness 10000) has occurred while \output is active []


Underfull \vbox (badness 10000) has occurred while \output is active []


Overfull \vbox (42.0pt too high) has occurred while \output is active []


Overfull \vbox (42.0pt too high) has occurred while \output is active []


Overfull \vbox (722.7pt too high) has occurred while \output is active []


Overfull \hbox (204.0pt too wide) has occurred while \output is active
[]| 
 []


Overfull \vbox (37.5pt too high) has occurred while \output is active []


Underfull \vbox (badness 10000) has occurred while \output is active []


Overfull \vbox (659.52pt too high) has occurred while \output is active []


[26

]
Underfull \vbox (badness 10000) has occurred while \output is active []


Underfull \vbox (badness 10000) has occurred while \output is active []


Underfull \vbox (badness 10000) has occurred while \output is active []


Underfull \vbox (badness 10000) has occurred while \output is active []


Underfull \vbox (badness 10000) has occurred while \output is active []


Overfull \vbox (42.0pt too high) has occurred while \output is active []


Overfull \vbox (42.0pt too high) has occurred while \output is active []


Overfull \vbox (722.7pt too high) has occurred while \output is active []


Overfull \hbox (204.0pt too wide) has occurred while \output is active
[]| 
 []


Overfull \vbox (37.5pt too high) has occurred while \output is active []


Underfull \vbox (badness 10000) has occurred while \output is active []


Overfull \vbox (659.52pt too high) has occurred while \output is active []


[27]
Underfull \vbox (badness 10000) has occurred while \output is active []


Underfull \vbox (badness 10000) has occurred while \output is active []


Underfull \vbox (badness 10000) has occurred while \output is active []


Underfull \vbox (badness 10000) has occurred while \output is active []


Underfull \vbox (badness 10000) has occurred while \output is active []


Overfull \vbox (42.0pt too high) has occurred while \output is active []


Overfull \vbox (42.0pt too high) has occurred while \output is active []


Overfull \vbox (722.7pt too high) has occurred while \output is active []


Overfull \hbox (204.0pt too wide) has occurred while \output is active
[]| 
 []


Overfull \vbox (37.5pt too high) has occurred while \output is active []


Underfull \vbox (badness 10000) has occurred while \output is active []


Overfull \vbox (659.52pt too high) has occurred while \output is active []


[28]
Underfull \vbox (badness 10000) has occurred while \output is active []


Underfull \vbox (badness 10000) has occurred while \output is active []


Underfull \vbox (badness 10000) has occurred while \output is active []


Underfull \vbox (badness 10000) has occurred while \output is active []


Underfull \vbox (badness 10000) has occurred while \output is active []


Overfull \vbox (42.0pt too high) has occurred while \output is active []


Overfull \vbox (42.0pt too high) has occurred while \output is active []


Overfull \vbox (722.7pt too high) has occurred while \output is active []


Overfull \hbox (204.0pt too wide) has occurred while \output is active
[]| 
 []


Overfull \vbox (37.5pt too high) has occurred while \output is active []


Underfull \vbox (badness 10000) has occurred while \output is active []


Overfull \vbox (659.52pt too high) has occurred while \output is active []


[29])
Package atveryend Info: Empty hook `BeforeClearDocument' on input line 493.

Underfull \vbox (badness 10000) has occurred while \output is active []


Underfull \vbox (badness 10000) has occurred while \output is active []


Underfull \vbox (badness 10000) has occurred while \output is active []


Overfull \vbox (42.0pt too high) has occurred while \output is active []


Overfull \vbox (42.0pt too high) has occurred while \output is active []


Overfull \vbox (722.7pt too high) has occurred while \output is active []


Overfull \hbox (204.0pt too wide) has occurred while \output is active
[]| 
 []


Overfull \vbox (37.5pt too high) has occurred while \output is active []


Underfull \vbox (badness 10000) has occurred while \output is active []


Overfull \vbox (659.52pt too high) has occurred while \output is active []


[30

]
Package atveryend Info: Empty hook `AfterLastShipout' on input line 493.
 (./camera_ready.aux)
Package atveryend Info: Executing hook `AtVeryEndDocument' on input line 493.
Package atveryend Info: Executing hook `AtEndAfterFileList' on input line 493.


Package rerunfilecheck Warning: File `camera_ready.out' has changed.
(rerunfilecheck)                Rerun to get outlines right
(rerunfilecheck)                or use package `bookmark'.

Package rerunfilecheck Info: Checksums for `camera_ready.out':
(rerunfilecheck)             Before: 3318CEE17F5DD321E6F43684BD0EFCB0;49
(rerunfilecheck)             After:  D973629D70B89636EE263B6D3F211218;1429.

LaTeX Warning: Label(s) may have changed. Rerun to get cross-references right.

 ) 
Here is how much of TeX's memory you used:
 7552 strings out of 493493
 107090 string characters out of 3143797
 187984 words of memory out of 3000000
 10539 multiletter control sequences out of 15000+200000
 39348 words of font info for 91 fonts, out of 3000000 for 9000
 957 hyphenation exceptions out of 8191
 41i,11n,28p,1473b,449s stack positions out of 5000i,500n,10000p,200000b,50000s
{/usr/share/texlive/texmf-dist/fonts/enc/dvips/base/8r.enc}</usr/share/texliv
e/texmf-dist/fonts/type1/public/amsfonts/cm/cmex10.pfb></usr/share/texlive/texm
f-dist/fonts/type1/public/amsfonts/cm/cmmi10.pfb></usr/share/texlive/texmf-dist
/fonts/type1/public/amsfonts/cm/cmmi5.pfb></usr/share/texlive/texmf-dist/fonts/
type1/public/amsfonts/cm/cmmi7.pfb></usr/share/texlive/texmf-dist/fonts/type1/p
ublic/amsfonts/cm/cmmi8.pfb></usr/share/texlive/texmf-dist/fonts/type1/public/a
msfonts/cm/cmmi9.pfb></usr/share/texlive/texmf-dist/fonts/type1/public/amsfonts
/cm/cmr10.pfb></usr/share/texlive/texmf-dist/fonts/type1/public/amsfonts/cm/cmr
6.pfb></usr/share/texlive/texmf-dist/fonts/type1/public/amsfonts/cm/cmr7.pfb></
usr/share/texlive/texmf-dist/fonts/type1/public/amsfonts/cm/cmr8.pfb></usr/shar
e/texlive/texmf-dist/fonts/type1/public/amsfonts/cm/cmsy10.pfb></usr/share/texl
ive/texmf-dist/fonts/type1/public/amsfonts/symbols/msbm10.pfb></usr/share/texli
ve/texmf-dist/fonts/type1/urw/courier/ucrr8a.pfb></usr/share/texlive/texmf-dist
/fonts/type1/urw/palatino/uplb8a.pfb></usr/share/texlive/texmf-dist/fonts/type1
/urw/palatino/uplr8a.pfb></usr/share/texlive/texmf-dist/fonts/type1/urw/palatin
o/uplri8a.pfb>
Output written on camera_ready.pdf (30 pages, 513749 bytes).
PDF statistics:
 588 PDF objects out of 1000 (max. 8388607)
 434 compressed objects within 5 object streams
 185 named destinations out of 1000 (max. 500000)
 74 words of extra memory for PDF output out of 10000 (max. 10000000)

