This is pdfTeX, Version 3.1415926-2.5-1.40.14 (MiKTeX 2.9) (preloaded format=pdftex 2014.4.4)  21 MAY 2015 17:18
entering extended mode
**C:/Users/Felix*Hill/Documents/PhD*work/SimLex_writing/Paper_Writing/V9/simlex
.bib

("C:/Users/Felix Hill/Documents/PhD work/SimLex_writing/Paper_Writing/V9/simlex
.bib"
Missing character: There is no ï in font cmr10!
Missing character: There is no » in font cmr10!
Missing character: There is no ¿ in font cmr10!

Overfull \hbox (10.13379pt too wide) in paragraph at lines 44--50
[]\tenrm @bookcruse1986lexical, ti-tle=Lexical se-man-tics, au-thor=Cruse, D Al
an, year=1986, pub-lisher=Cambridge|

\hbox(6.94444+1.94444)x469.75499, glue set - 1.0
.\hbox(0.0+0.0)x20.0
.\tenrm @
.\tenrm b
.\kern0.27779
.\tenrm o
.etc.


Overfull \hbox (5.1072pt too wide) in paragraph at lines 60--66
\tenrm au-thor=Haghighi, Aria and Liang, Percy and Berg-Kirkpatrick, Tay-lor an
d Klein, Dan, book-ti-tle=Proceedings|

\hbox(6.94444+1.94444)x469.75499, glue set - 1.0
.\tenrm a
.\tenrm u
.\discretionary
..\tenrm -
.\tenrm t
.\tenrm h
.etc.


Overfull \hbox (5.10722pt too wide) in paragraph at lines 74--87
[]\tenrm @bookfellbaum1999wordnet, ti-tle=WordNet, au-thor=Fellbaum, Chris-tian
e, year=1998, pub-lisher=Wiley|

\hbox(6.94444+1.94444)x469.75499, glue set - 1.0
.\hbox(0.0+0.0)x20.0
.\tenrm @
.\tenrm b
.\kern0.27779
.\tenrm o
.etc.


Overfull \hbox (28.78769pt too wide) in paragraph at lines 88--96
[]\tenrm @articlegentner1978relational, ti-tle=On re-la-tional mean-ing: The ac
-qui-si-tion of verb mean-ing, au-thor=Gentner,|

\hbox(6.94444+1.94444)x469.75499, glue set - 1.0
.\hbox(0.0+0.0)x20.0
.\tenrm @
.\tenrm a
.\tenrm r
.\tenrm t
.etc.


Overfull \hbox (40.80154pt too wide) in paragraph at lines 106--114
[]\tenrm @inproceedingsfinkelstein2001placing, ti-tle=Placing search in con-tex
t: The con-cept re-vis-ited, au-thor=Finkelstein,|

\hbox(6.94444+1.94444)x469.75499, glue set - 1.0
.\hbox(0.0+0.0)x20.0
.\tenrm @
.\tenrm i
.\tenrm n
.\tenrm p
.etc.

[1{C:/ProgramData/MiKTeX/2.9/pdftex/config/pdftex.map}]
Overfull \hbox (19.16277pt too wide) in paragraph at lines 164--171
[]\tenrm @bookbowerman2001language, ti-tle=Language ac-qui-si-tion and con-cep-
tual de-vel-op-ment, au-thor=Bowerman,|

\hbox(6.94444+1.94444)x469.75499, glue set - 1.0
.\hbox(0.0+0.0)x20.0
.\tenrm @
.\tenrm b
.\kern0.27779
.\tenrm o
.etc.


Overfull \hbox (7.2738pt too wide) in paragraph at lines 241--250
[]\tenrm @articlecollobert2011natural, ti-tle=Natural lan-guage pro-cess-ing (a
l-most) from scratch, au-thor=Collobert,|

\hbox(7.5+2.5)x469.75499, glue set - 1.0
.\hbox(0.0+0.0)x20.0
.\tenrm @
.\tenrm a
.\tenrm r
.\tenrm t
.etc.


Overfull \hbox (9.92651pt too wide) in paragraph at lines 267--275
[]\tenrm @inproceedingssilberer2012grounded, ti-tle=Grounded mod-els of se-man-
tic rep-re-sen-ta-tion, au-thor=Silberer,|

\hbox(6.94444+1.94444)x469.75499, glue set - 1.0
.\hbox(0.0+0.0)x20.0
.\tenrm @
.\tenrm i
.\tenrm n
.\tenrm p
.etc.

[2]
Overfull \hbox (9.635pt too wide) in paragraph at lines 297--307
\tenrm James H, jour-nal=Psychological Bul-letin, vol-ume=87, num-ber=2, pages=
245, year=1980, pub-lisher=American|

\hbox(6.94444+1.94444)x469.75499, glue set - 1.0
.\tenrm J
.\tenrm a
.\tenrm m
.\tenrm e
.\tenrm s
.etc.


Overfull \hbox (6.66154pt too wide) in paragraph at lines 417--427
\tenrm stract and con-crete ver-bal ma-te-ri-als., au-thor=Schwanenflugel, Paul
a J and Shoben, Ed-ward J, jour-nal=Journal|

\hbox(6.94444+1.94444)x469.75499, glue set - 1.0
.\tenrm s
.\tenrm t
.\tenrm r
.\tenrm a
.\tenrm c
.etc.


Overfull \hbox (3.63501pt too wide) in paragraph at lines 417--427
\tenrm of Ex-per-i-men-tal Psy-chol-ogy: Learn-ing, Mem-ory, and Cog-ni-tion, v
ol-ume=9, num-ber=1, pages=82, year=1983,|

\hbox(6.94444+1.94444)x469.75499, glue set - 1.0
.\tenrm o
.\tenrm f
.\glue 3.33333 plus 1.66666 minus 1.11111
.\tenrm E
.\tenrm x
.etc.

[3]
Overfull \hbox (14.49593pt too wide) in paragraph at lines 490--498
[]\tenrm @inproceedingsleech1994claws4, ti-tle=CLAWS4: the tag-ging of the Brit
ish Na-tional Cor-pus, au-thor=Leech,|

\hbox(6.94444+1.94444)x469.75499, glue set - 1.0
.\hbox(0.0+0.0)x20.0
.\tenrm @
.\tenrm i
.\tenrm n
.\tenrm p
.etc.


Overfull \hbox (11.5377pt too wide) in paragraph at lines 510--520
[]\tenrm @articlerosen2001nominalism, ti-tle=Nominalism, nat-u-ral-ism, epis-te
mic rel-a-tivism, au-thor=Rosen, Gideon,|

\hbox(6.94444+1.94444)x469.75499, glue set - 1.0
.\hbox(0.0+0.0)x20.0
.\tenrm @
.\tenrm a
.\tenrm r
.\tenrm t
.etc.


Overfull \hbox (4.92653pt too wide) in paragraph at lines 529--535
\tenrm thor=Gershman, Yu-lia Tsvetkov Leonid Boytsov Ana-tole and Dyer, Eric Ny
-berg Chris, book-ti-tle=Proceedings|

\hbox(6.94444+1.94444)x469.75499, glue set - 1.0
.\tenrm t
.\tenrm h
.\tenrm o
.\tenrm r
.\tenrm =
.etc.

Missing character: There is no â in font cmr10!
Missing character: There is no € in font cmr10!
Missing character: There is no “ in font cmr10!

Overfull \hbox (29.27396pt too wide) in paragraph at lines 536--542
[]\tenrm @bookfirth1957papers, ti-tle=Papers in Lin-guis-tics 19341951, au-thor
=Firth, J.R, year=1957, pub-lisher=Oxford|

\hbox(6.94444+1.94444)x469.75499, glue set - 1.0
.\hbox(0.0+0.0)x20.0
.\tenrm @
.\tenrm b
.\kern0.27779
.\tenrm o
.etc.


Overfull \hbox (5.24591pt too wide) in paragraph at lines 550--559
\tenrm com-po-si-tions, au-thor=Turney, Pe-ter D, jour-nal=Journal of Ar-ti-fi-
cial In-tel-li-gence Re-search (JAIR), year=2012,|

\hbox(7.5+2.5)x469.75499, glue set - 1.0
.\tenrm c
.\tenrm o
.\tenrm m
.\discretionary
..\tenrm -
.\tenrm p
.etc.

Missing character: There is no â in font cmr10!
Missing character: There is no € in font cmr10!
Missing character: There is no ¦ in font cmr10!
[4]
Overfull \hbox (2.4126pt too wide) in paragraph at lines 615--623
\tenrm nual Con-fer-ence of the North Amer-i-can Chap-ter of the As-so-ci-a-tio
n for Com-pu-ta-tional Lin-guis-tics, pages=109--|

\hbox(6.94444+1.94444)x469.75499, glue set - 1.0
.\tenrm n
.\kern-0.27779
.\tenrm u
.\tenrm a
.\tenrm l
.etc.


Overfull \hbox (5.32938pt too wide) in paragraph at lines 651--659
[]\tenrm @inproceedingsmarton2009improved, ti-tle=Improved sta-tis-ti-cal ma-ch
ine trans-la-tion us-ing monolingually-|

\hbox(6.94444+1.94444)x469.75499, glue set - 1.0
.\hbox(0.0+0.0)x20.0
.\tenrm @
.\tenrm i
.\tenrm n
.\tenrm p
.etc.


Overfull \hbox (19.96828pt too wide) in paragraph at lines 651--659
\tenrm derived para-phrases, au-thor=Marton, Yu-val and Callison-Burch, Chris a
nd Resnik, Philip, book-ti-tle=Proceedings|

\hbox(6.94444+1.94444)x469.75499, glue set - 1.0
.\tenrm d
.\tenrm e
.\tenrm r
.\tenrm i
.\tenrm v
.etc.


Overfull \hbox (10.10704pt too wide) in paragraph at lines 651--659
\tenrm of the 2009 Con-fer-ence on Em-pir-i-cal Meth-ods in Nat-u-ral Lan-guage
 Pro-cess-ing: Vol-ume 1-Volume 1, pages=381--|

\hbox(6.94444+1.94444)x469.75499, glue set - 1.0
.\tenrm o
.\tenrm f
.\glue 3.33333 plus 1.66666 minus 1.11111
.\tenrm t
.\tenrm h
.etc.


Overfull \hbox (3.1349pt too wide) in paragraph at lines 718--728
[]\tenrm @articletversky1977features, ti-tle=Features of sim-i-lar-ity., au-tho
r=Tversky, Amos, jour-nal=Psychological|

\hbox(6.94444+1.94444)x469.75499, glue set - 1.0
.\hbox(0.0+0.0)x20.0
.\tenrm @
.\tenrm a
.\tenrm r
.\tenrm t
.etc.

[5]
Overfull \hbox (0.21806pt too wide) in paragraph at lines 803--813
[]\tenrm @articlekatja2005content, ti-tle=Content dif-fer-ences for ab-stract a
nd con-crete con-cepts, author=Wiemer-|

\hbox(6.94444+1.94444)x469.75499, glue set - 1.0
.\hbox(0.0+0.0)x20.0
.\tenrm @
.\tenrm a
.\tenrm r
.\tenrm t
.etc.


Overfull \hbox (0.385pt too wide) in paragraph at lines 803--813
\tenrm Hastings, Katja and Xu, Xu, jour-nal=Cognitive Sci-ence, vol-ume=29, num
-ber=5, pages=719--736, year=2005,|

\hbox(6.94444+1.94444)x469.75499, glue set - 1.0
.\tenrm H
.\tenrm a
.\tenrm s
.\tenrm t
.\tenrm i
.etc.


Overfull \hbox (0.35724pt too wide) in paragraph at lines 844--850
[]\tenrm @bookborghi2012embodied, ti-tle=Embodied and grounded cog-ni-tion, au-
thor=Borghi, Anna and Pecher,|

\hbox(6.94444+1.94444)x469.75499, glue set - 1.0
.\hbox(0.0+0.0)x20.0
.\tenrm @
.\tenrm b
.\kern0.27779
.\tenrm o
.etc.


Overfull \hbox (7.24583pt too wide) in paragraph at lines 870--878
[]\tenrm @inproceedingsbaroni2010nouns, ti-tle=Nouns are vec-tors, ad-jec-tives
 are ma-tri-ces: Rep-re-sent-ing adjective-|

\hbox(6.94444+1.94444)x469.75499, glue set - 1.0
.\hbox(0.0+0.0)x20.0
.\tenrm @
.\tenrm i
.\tenrm n
.\tenrm p
.etc.


Overfull \hbox (4.80156pt too wide) in paragraph at lines 870--878
\tenrm noun con-struc-tions in se-man-tic space, au-thor=Baroni, Marco and Zam-
par-elli, Roberto, book-ti-tle=Proceedings|

\hbox(6.94444+1.94444)x469.75499, glue set - 1.0
.\tenrm n
.\tenrm o
.\tenrm u
.\tenrm n
.\glue 3.33333 plus 1.66666 minus 1.11111
.etc.


Overfull \hbox (6.96603pt too wide) in paragraph at lines 897--907
\tenrm frag-ment norms, au-thor=Nelson, Dou-glas L and McEvoy, Cathy L and Schr
eiber, Thomas A, jour-nal=Behavior|

\hbox(6.94444+1.94444)x469.75499, glue set - 1.0
.\tenrm f
.\tenrm r
.\tenrm a
.\tenrm g
.\discretionary
..\tenrm -
.etc.

[6]
Overfull \hbox (9.30145pt too wide) in paragraph at lines 953--961
[]\tenrm @inproceedingswu1994verbs, ti-tle=Verbs se-man-tics and lex-i-cal se-l
ec-tion, au-thor=Wu, Zhib-iao and Palmer,|

\hbox(6.94444+1.94444)x469.75499, glue set - 1.0
.\hbox(0.0+0.0)x20.0
.\tenrm @
.\tenrm i
.\tenrm n
.\tenrm p
.etc.

[7]
Overfull \hbox (4.21825pt too wide) in paragraph at lines 1147--1155
\tenrm neu-ral net-works with mul-ti-task learn-ing, au-thor=Collobert, Ro-nan 
and We-ston, Ja-son, book-ti-tle=Proceedings|

\hbox(6.94444+1.94444)x469.75499, glue set - 1.0
.\tenrm n
.\tenrm e
.\tenrm u
.\discretionary
..\tenrm -
.\tenrm r
.etc.

[8]
Overfull \hbox (8.24605pt too wide) in paragraph at lines 1222--1232
\tenrm Steyvers, Mark and Tenen-baum, Joshua B, jour-nal=Psychological re-view,
 vol-ume=114, num-ber=2, pages=211,|

\hbox(6.94444+1.94444)x469.75499, glue set - 1.0
.\tenrm S
.\tenrm t
.\tenrm e
.\tenrm y
.\tenrm v
.etc.


Overfull \hbox (7.12103pt too wide) in paragraph at lines 1233--1243
[]\tenrm @articlegolub1970singular, ti-tle=Singular value de-com-po-si-tion and
 least squares so-lu-tions, au-thor=Golub,|

\hbox(6.94444+1.94444)x469.75499, glue set - 1.0
.\hbox(0.0+0.0)x20.0
.\tenrm @
.\tenrm a
.\tenrm r
.\tenrm t
.etc.


Overfull \hbox (1.05168pt too wide) in paragraph at lines 1265--1274
\tenrm jour-nal=The hand-book of com-pu-ta-tional lin-guis-tics and nat-u-ral l
an-guage pro-cess-ing, vol-ume=57, pages=271,|

\hbox(6.94444+1.94444)x469.75499, glue set - 1.0
.\tenrm j
.\tenrm o
.\tenrm u
.\tenrm r
.\discretionary
..\tenrm -
.etc.

)
*
! Emergency stop.
<*> .../SimLex_writing/Paper_Writing/V9/simlex.bib
                                                  
End of file on the terminal!

!  ==> Fatal error occurred, no output PDF file produced!
